14:58:40.467 [Daemon worker Thread 4] INFO  o.a.AndroidAnnotationProcessor:83 - Initialize AndroidAnnotations 3.3.2 with options {androidManifestFile=/home/haja/Android/workspace/TionaByHajaRand/build/intermediates/manifests/full/debug/AndroidManifest.xml}
15:04:53.5 [Daemon worker Thread 5] INFO  o.a.AndroidAnnotationProcessor:83 - Initialize AndroidAnnotations 3.3.2 with options {androidManifestFile=/home/haja/Android/workspace/TionaByHajaRand/build/intermediates/manifests/full/debug/AndroidManifest.xml}
15:05:39.750 [Daemon worker Thread 5] INFO  o.a.AndroidAnnotationProcessor:83 - Initialize AndroidAnnotations 3.3.2 with options {androidManifestFile=/home/haja/Android/workspace/TionaByHajaRand/build/intermediates/manifests/full/debug/AndroidManifest.xml}
15:12:43.587 [Daemon worker Thread 6] INFO  o.a.AndroidAnnotationProcessor:83 - Initialize AndroidAnnotations 3.3.2 with options {androidManifestFile=/home/haja/Android/workspace/TionaByHajaRand/build/intermediates/manifests/full/debug/AndroidManifest.xml}
15:28:56.162 [Daemon worker Thread 10] INFO  o.a.AndroidAnnotationProcessor:83 - Initialize AndroidAnnotations 3.3.2 with options {androidManifestFile=/home/haja/Android/workspace/TionaByHajaRand/build/intermediates/manifests/full/debug/AndroidManifest.xml}
15:30:46.403 [Daemon worker Thread 11] INFO  o.a.AndroidAnnotationProcessor:83 - Initialize AndroidAnnotations 3.3.2 with options {androidManifestFile=/home/haja/Android/workspace/TionaByHajaRand/build/intermediates/manifests/full/debug/AndroidManifest.xml}
15:30:46.536 [Daemon worker Thread 11] INFO  o.a.AndroidAnnotationProcessor:107 - Start processing for 5 annotations on 5 elements
15:30:46.539 [Daemon worker Thread 11] DEBUG o.a.h.AndroidManifestFinder:98 - AndroidManifest.xml file found with specified path: /home/haja/Android/workspace/TionaByHajaRand/build/intermediates/manifests/full/debug/AndroidManifest.xml
15:30:46.699 [Daemon worker Thread 11] INFO  o.a.AndroidAnnotationProcessor:170 - AndroidManifest.xml found: AndroidManifest [applicationPackage=com.haja.tionaApp, componentQualifiedNames=[com.haja.tionaApp.MainActivity_, com.haja.tionaApp.PdfActivity_], permissionQualifiedNames=[android.permission.WRITE_EXTERNAL_STORAGE, android.permission.READ_EXTERNAL_STORAGE], applicationClassName=null, libraryProject=false, debugabble=false, minSdkVersion=11, maxSdkVersion=-1, targetSdkVersion=16]
15:30:46.700 [Daemon worker Thread 11] INFO  o.a.r.ProjectRClassFinder:50 - Found project R class: com.haja.tionaApp.R
15:30:46.702 [Daemon worker Thread 11] INFO  o.a.r.AndroidRClassFinder:44 - Found Android class: android.R
15:30:46.717 [Daemon worker Thread 11] INFO  o.a.p.ModelValidator:42 - Validating elements
15:30:46.717 [Daemon worker Thread 11] DEBUG o.a.p.ModelValidator:62 - Validating with EActivityHandler: [com.haja.tionaApp.PdfActivity, com.haja.tionaApp.MainActivity]
15:30:46.722 [Daemon worker Thread 11] DEBUG o.a.p.ModelValidator:62 - Validating with ViewByIdHandler: [pdfView, editText, numberEditText]
15:30:46.725 [Daemon worker Thread 11] DEBUG o.a.p.ModelValidator:62 - Validating with ClickHandler: [go(), btnClick(), btnFihirana(), btnFihiranaFanmpiny(), btnAntema(), btnLiturgique()]
15:30:46.728 [Daemon worker Thread 11] DEBUG o.a.p.ModelValidator:62 - Validating with AfterInjectHandler: [afterInject()]
15:30:46.728 [Daemon worker Thread 11] DEBUG o.a.p.ModelValidator:62 - Validating with AfterViewsHandler: [afterViews(), afterViews()]
15:30:46.735 [Daemon worker Thread 11] INFO  o.a.p.ModelProcessor:74 - Processing root elements
15:30:46.735 [Daemon worker Thread 11] DEBUG o.a.p.ModelProcessor:176 - Processing root elements EActivityHandler: [com.haja.tionaApp.MainActivity, com.haja.tionaApp.PdfActivity]
15:30:46.763 [Daemon worker Thread 11] INFO  o.a.p.ModelProcessor:86 - Processing enclosed elements
15:30:46.765 [Daemon worker Thread 11] INFO  o.a.AndroidAnnotationProcessor:249 - Number of files generated by AndroidAnnotations: 2
15:30:46.767 [Daemon worker Thread 11] INFO  o.a.g.ApiCodeGenerator:52 - Writting following API classes in project: []
15:30:46.768 [Daemon worker Thread 11] DEBUG o.a.g.SourceCodewriter:55 - Generating class: com.haja.tionaApp.MainActivity_
15:30:46.787 [Daemon worker Thread 11] DEBUG o.a.g.SourceCodewriter:55 - Generating class: com.haja.tionaApp.PdfActivity_
15:30:46.803 [Daemon worker Thread 11] INFO  o.a.p.TimeStats:81 - Time measurements: [Whole Processing = 268 ms], [Extract Manifest = 161 ms], [Generate Sources = 38 ms], [Process Annotations = 37 ms], [Find R Classes = 12 ms], [Validate Annotations = 11 ms], [Extract Annotations = 2 ms], 
15:30:46.803 [Daemon worker Thread 11] INFO  o.a.AndroidAnnotationProcessor:121 - Finish processing
15:00:09.917 [Daemon worker Thread 2] INFO  o.a.AndroidAnnotationProcessor:83 - Initialize AndroidAnnotations 3.3.2 with options {androidManifestFile=/home/haja/Android/workspace/TionaByHajaRand/build/intermediates/manifests/full/debug/AndroidManifest.xml}
15:00:10.47 [Daemon worker Thread 2] INFO  o.a.AndroidAnnotationProcessor:107 - Start processing for 5 annotations on 5 elements
15:00:10.63 [Daemon worker Thread 2] DEBUG o.a.h.AndroidManifestFinder:98 - AndroidManifest.xml file found with specified path: /home/haja/Android/workspace/TionaByHajaRand/build/intermediates/manifests/full/debug/AndroidManifest.xml
15:00:10.215 [Daemon worker Thread 2] INFO  o.a.AndroidAnnotationProcessor:170 - AndroidManifest.xml found: AndroidManifest [applicationPackage=com.haja.tionaApp, componentQualifiedNames=[com.haja.tionaApp.MainActivity_, com.haja.tionaApp.PdfActivity_], permissionQualifiedNames=[android.permission.WRITE_EXTERNAL_STORAGE, android.permission.READ_EXTERNAL_STORAGE], applicationClassName=null, libraryProject=false, debugabble=false, minSdkVersion=11, maxSdkVersion=-1, targetSdkVersion=16]
15:00:10.216 [Daemon worker Thread 2] INFO  o.a.r.ProjectRClassFinder:50 - Found project R class: com.haja.tionaApp.R
15:00:10.220 [Daemon worker Thread 2] INFO  o.a.r.AndroidRClassFinder:44 - Found Android class: android.R
15:00:10.321 [Daemon worker Thread 2] INFO  o.a.p.ModelValidator:42 - Validating elements
15:00:10.321 [Daemon worker Thread 2] DEBUG o.a.p.ModelValidator:62 - Validating with EActivityHandler: [com.haja.tionaApp.PdfActivity, com.haja.tionaApp.MainActivity]
15:00:10.324 [Daemon worker Thread 2] DEBUG o.a.p.ModelValidator:62 - Validating with ViewByIdHandler: [pdfView, editText, numberEditText]
15:00:10.331 [Daemon worker Thread 2] DEBUG o.a.p.ModelValidator:62 - Validating with ClickHandler: [go(), btnClick(), btnFihirana(), btnFihiranaFanmpiny(), btnAntema(), btnLiturgique()]
15:00:10.335 [Daemon worker Thread 2] DEBUG o.a.p.ModelValidator:62 - Validating with AfterInjectHandler: [afterInject()]
15:00:10.335 [Daemon worker Thread 2] DEBUG o.a.p.ModelValidator:62 - Validating with AfterViewsHandler: [afterViews(), afterViews()]
15:00:10.342 [Daemon worker Thread 2] INFO  o.a.p.ModelProcessor:74 - Processing root elements
15:00:10.342 [Daemon worker Thread 2] DEBUG o.a.p.ModelProcessor:176 - Processing root elements EActivityHandler: [com.haja.tionaApp.MainActivity, com.haja.tionaApp.PdfActivity]
15:00:10.375 [Daemon worker Thread 2] INFO  o.a.p.ModelProcessor:86 - Processing enclosed elements
15:00:10.378 [Daemon worker Thread 2] INFO  o.a.AndroidAnnotationProcessor:249 - Number of files generated by AndroidAnnotations: 2
15:00:10.379 [Daemon worker Thread 2] INFO  o.a.g.ApiCodeGenerator:52 - Writting following API classes in project: []
15:00:10.380 [Daemon worker Thread 2] DEBUG o.a.g.SourceCodewriter:55 - Generating class: com.haja.tionaApp.MainActivity_
15:00:10.414 [Daemon worker Thread 2] DEBUG o.a.g.SourceCodewriter:55 - Generating class: com.haja.tionaApp.PdfActivity_
15:00:10.472 [Daemon worker Thread 2] INFO  o.a.p.TimeStats:81 - Time measurements: [Whole Processing = 425 ms], [Extract Manifest = 160 ms], [Find R Classes = 98 ms], [Generate Sources = 94 ms], [Process Annotations = 42 ms], [Validate Annotations = 16 ms], [Extract Annotations = 5 ms], 
15:00:10.473 [Daemon worker Thread 2] INFO  o.a.AndroidAnnotationProcessor:121 - Finish processing
15:33:51.297 [Daemon worker Thread 4] INFO  o.a.AndroidAnnotationProcessor:83 - Initialize AndroidAnnotations 3.3.2 with options {androidManifestFile=/home/haja/Android/workspace/TionaByHajaRand/build/intermediates/manifests/full/debug/AndroidManifest.xml}
15:33:51.513 [Daemon worker Thread 4] INFO  o.a.AndroidAnnotationProcessor:107 - Start processing for 5 annotations on 5 elements
15:33:51.519 [Daemon worker Thread 4] DEBUG o.a.h.AndroidManifestFinder:98 - AndroidManifest.xml file found with specified path: /home/haja/Android/workspace/TionaByHajaRand/build/intermediates/manifests/full/debug/AndroidManifest.xml
15:33:51.523 [Daemon worker Thread 4] INFO  o.a.AndroidAnnotationProcessor:170 - AndroidManifest.xml found: AndroidManifest [applicationPackage=com.haja.tionaApp, componentQualifiedNames=[com.haja.tionaApp.MainActivity_, com.haja.tionaApp.PdfActivity_], permissionQualifiedNames=[android.permission.WRITE_EXTERNAL_STORAGE, android.permission.READ_EXTERNAL_STORAGE], applicationClassName=null, libraryProject=false, debugabble=false, minSdkVersion=11, maxSdkVersion=-1, targetSdkVersion=16]
15:33:51.523 [Daemon worker Thread 4] INFO  o.a.r.ProjectRClassFinder:50 - Found project R class: com.haja.tionaApp.R
15:33:51.525 [Daemon worker Thread 4] INFO  o.a.r.AndroidRClassFinder:44 - Found Android class: android.R
15:33:51.540 [Daemon worker Thread 4] INFO  o.a.p.ModelValidator:42 - Validating elements
15:33:51.541 [Daemon worker Thread 4] DEBUG o.a.p.ModelValidator:62 - Validating with EActivityHandler: [com.haja.tionaApp.PdfActivity, com.haja.tionaApp.MainActivity]
15:33:51.543 [Daemon worker Thread 4] DEBUG o.a.p.ModelValidator:62 - Validating with ViewByIdHandler: [pdfView, editText, btnFihirana, btnAntema, btnFF, btnLiturgie, btnChorale, numberEditText]
15:33:51.553 [Daemon worker Thread 4] DEBUG o.a.p.ModelValidator:62 - Validating with ClickHandler: [go(), btnClick(), btnFihirana(), btnFihiranaFanmpiny(), btnAntema(), btnLiturgique()]
15:33:51.566 [Daemon worker Thread 4] DEBUG o.a.p.ModelValidator:62 - Validating with AfterInjectHandler: [afterInject()]
15:33:51.567 [Daemon worker Thread 4] DEBUG o.a.p.ModelValidator:62 - Validating with AfterViewsHandler: [afterViews(), afterViews()]
15:33:51.576 [Daemon worker Thread 4] INFO  o.a.p.ModelProcessor:74 - Processing root elements
15:33:51.577 [Daemon worker Thread 4] DEBUG o.a.p.ModelProcessor:176 - Processing root elements EActivityHandler: [com.haja.tionaApp.PdfActivity, com.haja.tionaApp.MainActivity]
15:33:51.631 [Daemon worker Thread 4] INFO  o.a.p.ModelProcessor:86 - Processing enclosed elements
15:33:51.635 [Daemon worker Thread 4] INFO  o.a.AndroidAnnotationProcessor:249 - Number of files generated by AndroidAnnotations: 2
15:33:51.637 [Daemon worker Thread 4] INFO  o.a.g.ApiCodeGenerator:52 - Writting following API classes in project: []
15:33:51.638 [Daemon worker Thread 4] DEBUG o.a.g.SourceCodewriter:55 - Generating class: com.haja.tionaApp.MainActivity_
15:33:51.680 [Daemon worker Thread 4] DEBUG o.a.g.SourceCodewriter:55 - Generating class: com.haja.tionaApp.PdfActivity_
15:33:51.696 [Daemon worker Thread 4] INFO  o.a.p.TimeStats:81 - Time measurements: [Whole Processing = 183 ms], [Process Annotations = 67 ms], [Generate Sources = 61 ms], [Validate Annotations = 28 ms], [Find R Classes = 10 ms], [Extract Manifest = 6 ms], [Extract Annotations = 3 ms], 
15:33:51.696 [Daemon worker Thread 4] INFO  o.a.AndroidAnnotationProcessor:121 - Finish processing
15:41:34.146 [Daemon worker Thread 6] INFO  o.a.AndroidAnnotationProcessor:83 - Initialize AndroidAnnotations 3.3.2 with options {androidManifestFile=/home/haja/Android/workspace/TionaByHajaRand/build/intermediates/manifests/full/debug/AndroidManifest.xml}
15:41:34.340 [Daemon worker Thread 6] INFO  o.a.AndroidAnnotationProcessor:107 - Start processing for 5 annotations on 5 elements
15:41:34.344 [Daemon worker Thread 6] DEBUG o.a.h.AndroidManifestFinder:98 - AndroidManifest.xml file found with specified path: /home/haja/Android/workspace/TionaByHajaRand/build/intermediates/manifests/full/debug/AndroidManifest.xml
15:41:34.347 [Daemon worker Thread 6] INFO  o.a.AndroidAnnotationProcessor:170 - AndroidManifest.xml found: AndroidManifest [applicationPackage=com.haja.tionaApp, componentQualifiedNames=[com.haja.tionaApp.MainActivity_, com.haja.tionaApp.PdfActivity_], permissionQualifiedNames=[android.permission.WRITE_EXTERNAL_STORAGE, android.permission.READ_EXTERNAL_STORAGE], applicationClassName=null, libraryProject=false, debugabble=false, minSdkVersion=11, maxSdkVersion=-1, targetSdkVersion=16]
15:41:34.347 [Daemon worker Thread 6] INFO  o.a.r.ProjectRClassFinder:50 - Found project R class: com.haja.tionaApp.R
15:41:34.350 [Daemon worker Thread 6] INFO  o.a.r.AndroidRClassFinder:44 - Found Android class: android.R
15:41:34.368 [Daemon worker Thread 6] INFO  o.a.p.ModelValidator:42 - Validating elements
15:41:34.368 [Daemon worker Thread 6] DEBUG o.a.p.ModelValidator:62 - Validating with EActivityHandler: [com.haja.tionaApp.PdfActivity, com.haja.tionaApp.MainActivity]
15:41:34.370 [Daemon worker Thread 6] DEBUG o.a.p.ModelValidator:62 - Validating with ViewByIdHandler: [pdfView, editText, btnFihirana, btnAntema, btnFF, btnLiturgie, btnChorale, searchType, numberEditText]
15:41:34.372 [Daemon worker Thread 6] DEBUG o.a.p.ModelValidator:62 - Validating with ClickHandler: [go(), btnClick(), btnFihirana(), btnFihiranaFanmpiny(), btnAntema(), btnLiturgique()]
15:41:34.375 [Daemon worker Thread 6] DEBUG o.a.p.ModelValidator:62 - Validating with AfterInjectHandler: [afterInject()]
15:41:34.377 [Daemon worker Thread 6] DEBUG o.a.p.ModelValidator:62 - Validating with AfterViewsHandler: [afterViews(), afterViews()]
15:41:34.389 [Daemon worker Thread 6] INFO  o.a.p.ModelProcessor:74 - Processing root elements
15:41:34.389 [Daemon worker Thread 6] DEBUG o.a.p.ModelProcessor:176 - Processing root elements EActivityHandler: [com.haja.tionaApp.PdfActivity, com.haja.tionaApp.MainActivity]
15:41:34.418 [Daemon worker Thread 6] INFO  o.a.p.ModelProcessor:86 - Processing enclosed elements
15:41:34.421 [Daemon worker Thread 6] INFO  o.a.AndroidAnnotationProcessor:249 - Number of files generated by AndroidAnnotations: 2
15:41:34.423 [Daemon worker Thread 6] INFO  o.a.g.ApiCodeGenerator:52 - Writting following API classes in project: []
15:41:34.424 [Daemon worker Thread 6] DEBUG o.a.g.SourceCodewriter:55 - Generating class: com.haja.tionaApp.MainActivity_
15:41:34.444 [Daemon worker Thread 6] DEBUG o.a.g.SourceCodewriter:55 - Generating class: com.haja.tionaApp.PdfActivity_
15:41:34.462 [Daemon worker Thread 6] INFO  o.a.p.TimeStats:81 - Time measurements: [Whole Processing = 122 ms], [Process Annotations = 42 ms], [Generate Sources = 41 ms], [Find R Classes = 14 ms], [Validate Annotations = 12 ms], [Extract Manifest = 4 ms], [Extract Annotations = 2 ms], 
15:41:34.463 [Daemon worker Thread 6] INFO  o.a.AndroidAnnotationProcessor:121 - Finish processing
21:59:24.862 [Daemon worker] INFO  o.a.AndroidAnnotationProcessor:83 - Initialize AndroidAnnotations 3.3.2 with options {androidManifestFile=/home/haja/Android/workspace/TionaByHajaRand/build/intermediates/manifests/full/debug/AndroidManifest.xml}
21:59:25.164 [Daemon worker] INFO  o.a.AndroidAnnotationProcessor:107 - Start processing for 5 annotations on 5 elements
21:59:25.178 [Daemon worker] DEBUG o.a.h.AndroidManifestFinder:98 - AndroidManifest.xml file found with specified path: /home/haja/Android/workspace/TionaByHajaRand/build/intermediates/manifests/full/debug/AndroidManifest.xml
21:59:25.725 [Daemon worker] INFO  o.a.AndroidAnnotationProcessor:170 - AndroidManifest.xml found: AndroidManifest [applicationPackage=com.haja.tionaApp, componentQualifiedNames=[com.haja.tionaApp.MainActivity_, com.haja.tionaApp.PdfActivity_], permissionQualifiedNames=[android.permission.WRITE_EXTERNAL_STORAGE, android.permission.READ_EXTERNAL_STORAGE], applicationClassName=null, libraryProject=false, debugabble=false, minSdkVersion=11, maxSdkVersion=-1, targetSdkVersion=16]
21:59:25.736 [Daemon worker] INFO  o.a.r.ProjectRClassFinder:50 - Found project R class: com.haja.tionaApp.R
21:59:25.748 [Daemon worker] INFO  o.a.r.AndroidRClassFinder:44 - Found Android class: android.R
21:59:25.899 [Daemon worker] INFO  o.a.p.ModelValidator:42 - Validating elements
21:59:25.901 [Daemon worker] DEBUG o.a.p.ModelValidator:62 - Validating with EActivityHandler: [com.haja.tionaApp.PdfActivity, com.haja.tionaApp.MainActivity]
21:59:25.912 [Daemon worker] DEBUG o.a.p.ModelValidator:62 - Validating with ViewByIdHandler: [pdfView, editText, btnFihirana, btnAntema, btnFF, btnLiturgie, btnChorale, searchType, numberEditText]
21:59:26.138 [Daemon worker] DEBUG o.a.p.ModelValidator:62 - Validating with ClickHandler: [go(), showChoraleSongs(), btnClick(), btnFihirana(), btnFihiranaFanmpiny(), btnAntema(), btnLiturgique()]
21:59:26.153 [Daemon worker] DEBUG o.a.p.ModelValidator:62 - Validating with AfterInjectHandler: [afterInject()]
21:59:26.154 [Daemon worker] DEBUG o.a.p.ModelValidator:62 - Validating with AfterViewsHandler: [afterViews(), afterViews()]
21:59:26.236 [Daemon worker] INFO  o.a.p.ModelProcessor:74 - Processing root elements
21:59:26.236 [Daemon worker] DEBUG o.a.p.ModelProcessor:176 - Processing root elements EActivityHandler: [com.haja.tionaApp.PdfActivity, com.haja.tionaApp.MainActivity]
21:59:26.519 [Daemon worker] INFO  o.a.p.ModelProcessor:86 - Processing enclosed elements
21:59:26.529 [Daemon worker] INFO  o.a.AndroidAnnotationProcessor:249 - Number of files generated by AndroidAnnotations: 2
21:59:26.535 [Daemon worker] INFO  o.a.g.ApiCodeGenerator:52 - Writting following API classes in project: []
21:59:26.537 [Daemon worker] DEBUG o.a.g.SourceCodewriter:55 - Generating class: com.haja.tionaApp.MainActivity_
21:59:26.645 [Daemon worker] DEBUG o.a.g.SourceCodewriter:55 - Generating class: com.haja.tionaApp.PdfActivity_
21:59:26.726 [Daemon worker] INFO  o.a.p.TimeStats:81 - Time measurements: [Whole Processing = 1562 ms], [Extract Manifest = 548 ms], [Process Annotations = 375 ms], [Validate Annotations = 255 ms], [Generate Sources = 197 ms], [Find R Classes = 143 ms], [Extract Annotations = 11 ms], 
21:59:26.726 [Daemon worker] INFO  o.a.AndroidAnnotationProcessor:121 - Finish processing
22:05:30.506 [Daemon worker Thread 3] INFO  o.a.AndroidAnnotationProcessor:83 - Initialize AndroidAnnotations 3.3.2 with options {androidManifestFile=/home/haja/Android/workspace/TionaByHajaRand/build/intermediates/manifests/full/debug/AndroidManifest.xml}
22:05:30.607 [Daemon worker Thread 3] INFO  o.a.AndroidAnnotationProcessor:107 - Start processing for 5 annotations on 5 elements
22:05:30.612 [Daemon worker Thread 3] DEBUG o.a.h.AndroidManifestFinder:98 - AndroidManifest.xml file found with specified path: /home/haja/Android/workspace/TionaByHajaRand/build/intermediates/manifests/full/debug/AndroidManifest.xml
22:05:30.616 [Daemon worker Thread 3] INFO  o.a.AndroidAnnotationProcessor:170 - AndroidManifest.xml found: AndroidManifest [applicationPackage=com.haja.tionaApp, componentQualifiedNames=[com.haja.tionaApp.MainActivity_, com.haja.tionaApp.PdfActivity_], permissionQualifiedNames=[android.permission.WRITE_EXTERNAL_STORAGE, android.permission.READ_EXTERNAL_STORAGE], applicationClassName=null, libraryProject=false, debugabble=false, minSdkVersion=11, maxSdkVersion=-1, targetSdkVersion=16]
22:05:30.618 [Daemon worker Thread 3] INFO  o.a.r.ProjectRClassFinder:50 - Found project R class: com.haja.tionaApp.R
22:05:30.621 [Daemon worker Thread 3] INFO  o.a.r.AndroidRClassFinder:44 - Found Android class: android.R
22:05:30.644 [Daemon worker Thread 3] INFO  o.a.p.ModelValidator:42 - Validating elements
22:05:30.644 [Daemon worker Thread 3] DEBUG o.a.p.ModelValidator:62 - Validating with EActivityHandler: [com.haja.tionaApp.PdfActivity, com.haja.tionaApp.MainActivity]
22:05:30.646 [Daemon worker Thread 3] DEBUG o.a.p.ModelValidator:62 - Validating with ViewByIdHandler: [pdfView, editText, btnFihirana, btnAntema, btnFF, btnLiturgie, btnChorale, searchType, numberEditText]
22:05:30.649 [Daemon worker Thread 3] DEBUG o.a.p.ModelValidator:62 - Validating with ClickHandler: [go(), showChoraleSongs(), btnClick(), btnFihirana(), btnFihiranaFanmpiny(), btnAntema(), btnLiturgique()]
22:05:30.655 [Daemon worker Thread 3] DEBUG o.a.p.ModelValidator:62 - Validating with AfterInjectHandler: [afterInject()]
22:05:30.655 [Daemon worker Thread 3] DEBUG o.a.p.ModelValidator:62 - Validating with AfterViewsHandler: [afterViews(), afterViews()]
22:05:30.664 [Daemon worker Thread 3] INFO  o.a.p.ModelProcessor:74 - Processing root elements
22:05:30.666 [Daemon worker Thread 3] DEBUG o.a.p.ModelProcessor:176 - Processing root elements EActivityHandler: [com.haja.tionaApp.MainActivity, com.haja.tionaApp.PdfActivity]
22:05:30.704 [Daemon worker Thread 3] INFO  o.a.p.ModelProcessor:86 - Processing enclosed elements
22:05:30.710 [Daemon worker Thread 3] INFO  o.a.AndroidAnnotationProcessor:249 - Number of files generated by AndroidAnnotations: 2
22:05:30.711 [Daemon worker Thread 3] INFO  o.a.g.ApiCodeGenerator:52 - Writting following API classes in project: []
22:05:30.712 [Daemon worker Thread 3] DEBUG o.a.g.SourceCodewriter:55 - Generating class: com.haja.tionaApp.MainActivity_
22:05:30.749 [Daemon worker Thread 3] DEBUG o.a.g.SourceCodewriter:55 - Generating class: com.haja.tionaApp.PdfActivity_
22:05:30.775 [Daemon worker Thread 3] INFO  o.a.p.TimeStats:81 - Time measurements: [Whole Processing = 168 ms], [Generate Sources = 66 ms], [Process Annotations = 53 ms], [Find R Classes = 19 ms], [Validate Annotations = 13 ms], [Extract Manifest = 5 ms], [Extract Annotations = 2 ms], 
22:05:30.775 [Daemon worker Thread 3] INFO  o.a.AndroidAnnotationProcessor:121 - Finish processing
22:11:29.1 [Daemon worker Thread 4] INFO  o.a.AndroidAnnotationProcessor:83 - Initialize AndroidAnnotations 3.3.2 with options {androidManifestFile=/home/haja/Android/workspace/TionaByHajaRand/build/intermediates/manifests/full/debug/AndroidManifest.xml}
22:11:29.134 [Daemon worker Thread 4] INFO  o.a.AndroidAnnotationProcessor:107 - Start processing for 5 annotations on 5 elements
22:11:29.139 [Daemon worker Thread 4] DEBUG o.a.h.AndroidManifestFinder:98 - AndroidManifest.xml file found with specified path: /home/haja/Android/workspace/TionaByHajaRand/build/intermediates/manifests/full/debug/AndroidManifest.xml
22:11:29.142 [Daemon worker Thread 4] INFO  o.a.AndroidAnnotationProcessor:170 - AndroidManifest.xml found: AndroidManifest [applicationPackage=com.haja.tionaApp, componentQualifiedNames=[com.haja.tionaApp.MainActivity_, com.haja.tionaApp.PdfActivity_], permissionQualifiedNames=[android.permission.WRITE_EXTERNAL_STORAGE, android.permission.READ_EXTERNAL_STORAGE], applicationClassName=null, libraryProject=false, debugabble=false, minSdkVersion=11, maxSdkVersion=-1, targetSdkVersion=16]
22:11:29.143 [Daemon worker Thread 4] INFO  o.a.r.ProjectRClassFinder:50 - Found project R class: com.haja.tionaApp.R
22:11:29.150 [Daemon worker Thread 4] INFO  o.a.r.AndroidRClassFinder:44 - Found Android class: android.R
22:11:29.174 [Daemon worker Thread 4] INFO  o.a.p.ModelValidator:42 - Validating elements
22:11:29.175 [Daemon worker Thread 4] DEBUG o.a.p.ModelValidator:62 - Validating with EActivityHandler: [com.haja.tionaApp.PdfActivity, com.haja.tionaApp.MainActivity]
22:11:29.177 [Daemon worker Thread 4] DEBUG o.a.p.ModelValidator:62 - Validating with ViewByIdHandler: [pdfView, editText, btnFihirana, btnAntema, btnFF, btnLiturgie, btnChorale, searchType, numberEditText]
22:11:29.182 [Daemon worker Thread 4] DEBUG o.a.p.ModelValidator:62 - Validating with ClickHandler: [go(), showChoraleSongs(), btnClick(), btnFihirana(), btnFihiranaFanmpiny(), btnAntema(), btnLiturgique()]
22:11:29.186 [Daemon worker Thread 4] DEBUG o.a.p.ModelValidator:62 - Validating with AfterInjectHandler: [afterInject()]
22:11:29.186 [Daemon worker Thread 4] DEBUG o.a.p.ModelValidator:62 - Validating with AfterViewsHandler: [afterViews(), afterViews()]
22:11:29.196 [Daemon worker Thread 4] INFO  o.a.p.ModelProcessor:74 - Processing root elements
22:11:29.197 [Daemon worker Thread 4] DEBUG o.a.p.ModelProcessor:176 - Processing root elements EActivityHandler: [com.haja.tionaApp.PdfActivity, com.haja.tionaApp.MainActivity]
22:11:29.225 [Daemon worker Thread 4] INFO  o.a.p.ModelProcessor:86 - Processing enclosed elements
22:11:29.232 [Daemon worker Thread 4] INFO  o.a.AndroidAnnotationProcessor:249 - Number of files generated by AndroidAnnotations: 2
22:11:29.233 [Daemon worker Thread 4] INFO  o.a.g.ApiCodeGenerator:52 - Writting following API classes in project: []
22:11:29.235 [Daemon worker Thread 4] DEBUG o.a.g.SourceCodewriter:55 - Generating class: com.haja.tionaApp.MainActivity_
22:11:29.257 [Daemon worker Thread 4] DEBUG o.a.g.SourceCodewriter:55 - Generating class: com.haja.tionaApp.PdfActivity_
22:11:29.277 [Daemon worker Thread 4] INFO  o.a.p.TimeStats:81 - Time measurements: [Whole Processing = 143 ms], [Process Annotations = 45 ms], [Generate Sources = 45 ms], [Find R Classes = 21 ms], [Validate Annotations = 13 ms], [Extract Manifest = 4 ms], [Extract Annotations = 3 ms], 
22:11:29.277 [Daemon worker Thread 4] INFO  o.a.AndroidAnnotationProcessor:121 - Finish processing
22:17:32.161 [Daemon worker Thread 5] INFO  o.a.AndroidAnnotationProcessor:83 - Initialize AndroidAnnotations 3.3.2 with options {androidManifestFile=/home/haja/Android/workspace/TionaByHajaRand/build/intermediates/manifests/full/debug/AndroidManifest.xml}
22:17:32.238 [Daemon worker Thread 5] INFO  o.a.AndroidAnnotationProcessor:107 - Start processing for 5 annotations on 5 elements
22:17:32.261 [Daemon worker Thread 5] DEBUG o.a.h.AndroidManifestFinder:98 - AndroidManifest.xml file found with specified path: /home/haja/Android/workspace/TionaByHajaRand/build/intermediates/manifests/full/debug/AndroidManifest.xml
22:17:32.269 [Daemon worker Thread 5] INFO  o.a.AndroidAnnotationProcessor:170 - AndroidManifest.xml found: AndroidManifest [applicationPackage=com.haja.tionaApp, componentQualifiedNames=[com.haja.tionaApp.MainActivity_, com.haja.tionaApp.PdfActivity_], permissionQualifiedNames=[android.permission.WRITE_EXTERNAL_STORAGE, android.permission.READ_EXTERNAL_STORAGE], applicationClassName=null, libraryProject=false, debugabble=false, minSdkVersion=11, maxSdkVersion=-1, targetSdkVersion=16]
22:17:32.270 [Daemon worker Thread 5] INFO  o.a.r.ProjectRClassFinder:50 - Found project R class: com.haja.tionaApp.R
22:17:32.272 [Daemon worker Thread 5] INFO  o.a.r.AndroidRClassFinder:44 - Found Android class: android.R
22:17:32.295 [Daemon worker Thread 5] INFO  o.a.p.ModelValidator:42 - Validating elements
22:17:32.295 [Daemon worker Thread 5] DEBUG o.a.p.ModelValidator:62 - Validating with EActivityHandler: [com.haja.tionaApp.PdfActivity, com.haja.tionaApp.MainActivity]
22:17:32.302 [Daemon worker Thread 5] DEBUG o.a.p.ModelValidator:62 - Validating with ViewByIdHandler: [pdfView, editText, btnFihirana, btnAntema, btnFF, btnLiturgie, btnChorale, searchType, numberEditText]
22:17:32.304 [Daemon worker Thread 5] DEBUG o.a.p.ModelValidator:62 - Validating with ClickHandler: [go(), showChoraleSongs(), btnClick(), btnFihirana(), btnFihiranaFanmpiny(), btnAntema(), btnLiturgique()]
22:17:32.308 [Daemon worker Thread 5] DEBUG o.a.p.ModelValidator:62 - Validating with AfterInjectHandler: [afterInject()]
22:17:32.309 [Daemon worker Thread 5] DEBUG o.a.p.ModelValidator:62 - Validating with AfterViewsHandler: [afterViews(), afterViews()]
22:17:32.316 [Daemon worker Thread 5] INFO  o.a.p.ModelProcessor:74 - Processing root elements
22:17:32.316 [Daemon worker Thread 5] DEBUG o.a.p.ModelProcessor:176 - Processing root elements EActivityHandler: [com.haja.tionaApp.MainActivity, com.haja.tionaApp.PdfActivity]
22:17:32.347 [Daemon worker Thread 5] INFO  o.a.p.ModelProcessor:86 - Processing enclosed elements
22:17:32.350 [Daemon worker Thread 5] INFO  o.a.AndroidAnnotationProcessor:249 - Number of files generated by AndroidAnnotations: 2
22:17:32.353 [Daemon worker Thread 5] INFO  o.a.g.ApiCodeGenerator:52 - Writting following API classes in project: []
22:17:32.354 [Daemon worker Thread 5] DEBUG o.a.g.SourceCodewriter:55 - Generating class: com.haja.tionaApp.MainActivity_
22:17:32.372 [Daemon worker Thread 5] DEBUG o.a.g.SourceCodewriter:55 - Generating class: com.haja.tionaApp.PdfActivity_
22:17:32.392 [Daemon worker Thread 5] INFO  o.a.p.TimeStats:81 - Time measurements: [Whole Processing = 153 ms], [Process Annotations = 41 ms], [Generate Sources = 41 ms], [Validate Annotations = 15 ms], [Extract Manifest = 14 ms], [Find R Classes = 14 ms], [Extract Annotations = 12 ms], 
22:17:32.392 [Daemon worker Thread 5] INFO  o.a.AndroidAnnotationProcessor:121 - Finish processing
22:19:31.808 [Daemon worker Thread 6] INFO  o.a.AndroidAnnotationProcessor:83 - Initialize AndroidAnnotations 3.3.2 with options {androidManifestFile=/home/haja/Android/workspace/TionaByHajaRand/build/intermediates/manifests/full/debug/AndroidManifest.xml}
22:19:31.980 [Daemon worker Thread 6] INFO  o.a.AndroidAnnotationProcessor:107 - Start processing for 5 annotations on 5 elements
22:19:31.988 [Daemon worker Thread 6] DEBUG o.a.h.AndroidManifestFinder:98 - AndroidManifest.xml file found with specified path: /home/haja/Android/workspace/TionaByHajaRand/build/intermediates/manifests/full/debug/AndroidManifest.xml
22:19:31.999 [Daemon worker Thread 6] INFO  o.a.AndroidAnnotationProcessor:170 - AndroidManifest.xml found: AndroidManifest [applicationPackage=com.haja.tionaApp, componentQualifiedNames=[com.haja.tionaApp.MainActivity_, com.haja.tionaApp.PdfActivity_], permissionQualifiedNames=[android.permission.WRITE_EXTERNAL_STORAGE, android.permission.READ_EXTERNAL_STORAGE], applicationClassName=null, libraryProject=false, debugabble=false, minSdkVersion=11, maxSdkVersion=-1, targetSdkVersion=16]
22:19:32.0 [Daemon worker Thread 6] INFO  o.a.r.ProjectRClassFinder:50 - Found project R class: com.haja.tionaApp.R
22:19:32.10 [Daemon worker Thread 6] INFO  o.a.r.AndroidRClassFinder:44 - Found Android class: android.R
22:19:32.63 [Daemon worker Thread 6] INFO  o.a.p.ModelValidator:42 - Validating elements
22:19:32.64 [Daemon worker Thread 6] DEBUG o.a.p.ModelValidator:62 - Validating with EActivityHandler: [com.haja.tionaApp.PdfActivity, com.haja.tionaApp.MainActivity]
22:19:32.71 [Daemon worker Thread 6] DEBUG o.a.p.ModelValidator:62 - Validating with ViewByIdHandler: [pdfView, editText, btnFihirana, btnAntema, btnFF, btnLiturgie, btnChorale, searchType, numberEditText]
22:19:32.74 [Daemon worker Thread 6] DEBUG o.a.p.ModelValidator:62 - Validating with ClickHandler: [go(), showChoraleSongs(), btnClick(), btnFihirana(), btnFihiranaFanmpiny(), btnAntema(), btnLiturgique()]
22:19:32.83 [Daemon worker Thread 6] DEBUG o.a.p.ModelValidator:62 - Validating with AfterInjectHandler: [afterInject()]
22:19:32.84 [Daemon worker Thread 6] DEBUG o.a.p.ModelValidator:62 - Validating with AfterViewsHandler: [afterViews(), afterViews()]
22:19:32.98 [Daemon worker Thread 6] INFO  o.a.p.ModelProcessor:74 - Processing root elements
22:19:32.102 [Daemon worker Thread 6] DEBUG o.a.p.ModelProcessor:176 - Processing root elements EActivityHandler: [com.haja.tionaApp.MainActivity, com.haja.tionaApp.PdfActivity]
22:19:32.161 [Daemon worker Thread 6] INFO  o.a.p.ModelProcessor:86 - Processing enclosed elements
22:19:32.170 [Daemon worker Thread 6] INFO  o.a.AndroidAnnotationProcessor:249 - Number of files generated by AndroidAnnotations: 2
22:19:32.172 [Daemon worker Thread 6] INFO  o.a.g.ApiCodeGenerator:52 - Writting following API classes in project: []
22:19:32.173 [Daemon worker Thread 6] DEBUG o.a.g.SourceCodewriter:55 - Generating class: com.haja.tionaApp.MainActivity_
22:19:32.213 [Daemon worker Thread 6] DEBUG o.a.g.SourceCodewriter:55 - Generating class: com.haja.tionaApp.PdfActivity_
22:19:32.248 [Daemon worker Thread 6] INFO  o.a.p.TimeStats:81 - Time measurements: [Whole Processing = 268 ms], [Process Annotations = 86 ms], [Generate Sources = 78 ms], [Find R Classes = 36 ms], [Validate Annotations = 21 ms], [Extract Manifest = 13 ms], [Extract Annotations = 6 ms], 
22:19:32.248 [Daemon worker Thread 6] INFO  o.a.AndroidAnnotationProcessor:121 - Finish processing
22:20:57.213 [Daemon worker Thread 7] INFO  o.a.AndroidAnnotationProcessor:83 - Initialize AndroidAnnotations 3.3.2 with options {androidManifestFile=/home/haja/Android/workspace/TionaByHajaRand/build/intermediates/manifests/full/debug/AndroidManifest.xml}
22:20:57.286 [Daemon worker Thread 7] INFO  o.a.AndroidAnnotationProcessor:107 - Start processing for 5 annotations on 5 elements
22:20:57.290 [Daemon worker Thread 7] DEBUG o.a.h.AndroidManifestFinder:98 - AndroidManifest.xml file found with specified path: /home/haja/Android/workspace/TionaByHajaRand/build/intermediates/manifests/full/debug/AndroidManifest.xml
22:20:57.292 [Daemon worker Thread 7] INFO  o.a.AndroidAnnotationProcessor:170 - AndroidManifest.xml found: AndroidManifest [applicationPackage=com.haja.tionaApp, componentQualifiedNames=[com.haja.tionaApp.MainActivity_, com.haja.tionaApp.PdfActivity_], permissionQualifiedNames=[android.permission.WRITE_EXTERNAL_STORAGE, android.permission.READ_EXTERNAL_STORAGE], applicationClassName=null, libraryProject=false, debugabble=false, minSdkVersion=11, maxSdkVersion=-1, targetSdkVersion=16]
22:20:57.293 [Daemon worker Thread 7] INFO  o.a.r.ProjectRClassFinder:50 - Found project R class: com.haja.tionaApp.R
22:20:57.295 [Daemon worker Thread 7] INFO  o.a.r.AndroidRClassFinder:44 - Found Android class: android.R
22:20:57.310 [Daemon worker Thread 7] INFO  o.a.p.ModelValidator:42 - Validating elements
22:20:57.311 [Daemon worker Thread 7] DEBUG o.a.p.ModelValidator:62 - Validating with EActivityHandler: [com.haja.tionaApp.PdfActivity, com.haja.tionaApp.MainActivity]
22:20:57.313 [Daemon worker Thread 7] DEBUG o.a.p.ModelValidator:62 - Validating with ViewByIdHandler: [pdfView, editText, btnFihirana, btnAntema, btnFF, btnLiturgie, btnChorale, searchType, numberEditText]
22:20:57.315 [Daemon worker Thread 7] DEBUG o.a.p.ModelValidator:62 - Validating with ClickHandler: [go(), showChoraleSongs(), btnClick(), btnFihirana(), btnFihiranaFanmpiny(), btnAntema(), btnLiturgique()]
22:20:57.317 [Daemon worker Thread 7] DEBUG o.a.p.ModelValidator:62 - Validating with AfterInjectHandler: [afterInject()]
22:20:57.318 [Daemon worker Thread 7] DEBUG o.a.p.ModelValidator:62 - Validating with AfterViewsHandler: [afterViews(), afterViews()]
22:20:57.324 [Daemon worker Thread 7] INFO  o.a.p.ModelProcessor:74 - Processing root elements
22:20:57.324 [Daemon worker Thread 7] DEBUG o.a.p.ModelProcessor:176 - Processing root elements EActivityHandler: [com.haja.tionaApp.MainActivity, com.haja.tionaApp.PdfActivity]
22:20:57.366 [Daemon worker Thread 7] INFO  o.a.p.ModelProcessor:86 - Processing enclosed elements
22:20:57.369 [Daemon worker Thread 7] INFO  o.a.AndroidAnnotationProcessor:249 - Number of files generated by AndroidAnnotations: 2
22:20:57.372 [Daemon worker Thread 7] INFO  o.a.g.ApiCodeGenerator:52 - Writting following API classes in project: []
22:20:57.374 [Daemon worker Thread 7] DEBUG o.a.g.SourceCodewriter:55 - Generating class: com.haja.tionaApp.MainActivity_
22:20:57.397 [Daemon worker Thread 7] DEBUG o.a.g.SourceCodewriter:55 - Generating class: com.haja.tionaApp.PdfActivity_
22:20:57.418 [Daemon worker Thread 7] INFO  o.a.p.TimeStats:81 - Time measurements: [Whole Processing = 132 ms], [Process Annotations = 51 ms], [Generate Sources = 49 ms], [Find R Classes = 11 ms], [Validate Annotations = 8 ms], [Extract Manifest = 3 ms], [Extract Annotations = 2 ms], 
22:20:57.419 [Daemon worker Thread 7] INFO  o.a.AndroidAnnotationProcessor:121 - Finish processing
22:23:54.839 [Daemon worker Thread 8] INFO  o.a.AndroidAnnotationProcessor:83 - Initialize AndroidAnnotations 3.3.2 with options {androidManifestFile=/home/haja/Android/workspace/TionaByHajaRand/build/intermediates/manifests/full/debug/AndroidManifest.xml}
22:23:54.914 [Daemon worker Thread 8] INFO  o.a.AndroidAnnotationProcessor:107 - Start processing for 5 annotations on 5 elements
22:23:54.917 [Daemon worker Thread 8] DEBUG o.a.h.AndroidManifestFinder:98 - AndroidManifest.xml file found with specified path: /home/haja/Android/workspace/TionaByHajaRand/build/intermediates/manifests/full/debug/AndroidManifest.xml
22:23:54.922 [Daemon worker Thread 8] INFO  o.a.AndroidAnnotationProcessor:170 - AndroidManifest.xml found: AndroidManifest [applicationPackage=com.haja.tionaApp, componentQualifiedNames=[com.haja.tionaApp.MainActivity_, com.haja.tionaApp.PdfActivity_], permissionQualifiedNames=[android.permission.WRITE_EXTERNAL_STORAGE, android.permission.READ_EXTERNAL_STORAGE], applicationClassName=null, libraryProject=false, debugabble=false, minSdkVersion=11, maxSdkVersion=-1, targetSdkVersion=16]
22:23:54.923 [Daemon worker Thread 8] INFO  o.a.r.ProjectRClassFinder:50 - Found project R class: com.haja.tionaApp.R
22:23:54.925 [Daemon worker Thread 8] INFO  o.a.r.AndroidRClassFinder:44 - Found Android class: android.R
22:23:54.936 [Daemon worker Thread 8] INFO  o.a.p.ModelValidator:42 - Validating elements
22:23:54.937 [Daemon worker Thread 8] DEBUG o.a.p.ModelValidator:62 - Validating with EActivityHandler: [com.haja.tionaApp.PdfActivity, com.haja.tionaApp.MainActivity]
22:23:54.939 [Daemon worker Thread 8] DEBUG o.a.p.ModelValidator:62 - Validating with ViewByIdHandler: [pdfView, editText, btnFihirana, btnAntema, btnFF, btnLiturgie, btnChorale, searchType, numberEditText]
22:23:54.941 [Daemon worker Thread 8] DEBUG o.a.p.ModelValidator:62 - Validating with ClickHandler: [go(), showChoraleSongs(), btnClick(), btnFihirana(), btnFihiranaFanmpiny(), btnAntema(), btnLiturgique()]
22:23:54.944 [Daemon worker Thread 8] DEBUG o.a.p.ModelValidator:62 - Validating with AfterInjectHandler: [afterInject()]
22:23:54.944 [Daemon worker Thread 8] DEBUG o.a.p.ModelValidator:62 - Validating with AfterViewsHandler: [afterViews(), afterViews()]
22:23:54.951 [Daemon worker Thread 8] INFO  o.a.p.ModelProcessor:74 - Processing root elements
22:23:54.951 [Daemon worker Thread 8] DEBUG o.a.p.ModelProcessor:176 - Processing root elements EActivityHandler: [com.haja.tionaApp.PdfActivity, com.haja.tionaApp.MainActivity]
22:23:54.989 [Daemon worker Thread 8] INFO  o.a.p.ModelProcessor:86 - Processing enclosed elements
22:23:54.996 [Daemon worker Thread 8] INFO  o.a.AndroidAnnotationProcessor:249 - Number of files generated by AndroidAnnotations: 2
22:23:54.997 [Daemon worker Thread 8] INFO  o.a.g.ApiCodeGenerator:52 - Writting following API classes in project: []
22:23:54.998 [Daemon worker Thread 8] DEBUG o.a.g.SourceCodewriter:55 - Generating class: com.haja.tionaApp.MainActivity_
22:23:55.24 [Daemon worker Thread 8] DEBUG o.a.g.SourceCodewriter:55 - Generating class: com.haja.tionaApp.PdfActivity_
22:23:55.44 [Daemon worker Thread 8] INFO  o.a.p.TimeStats:81 - Time measurements: [Whole Processing = 130 ms], [Process Annotations = 51 ms], [Generate Sources = 48 ms], [Validate Annotations = 9 ms], [Find R Classes = 7 ms], [Extract Manifest = 6 ms], [Extract Annotations = 2 ms], 
22:23:55.45 [Daemon worker Thread 8] INFO  o.a.AndroidAnnotationProcessor:121 - Finish processing
22:36:51.462 [Daemon worker Thread 9] INFO  o.a.AndroidAnnotationProcessor:83 - Initialize AndroidAnnotations 3.3.2 with options {androidManifestFile=/home/haja/Android/workspace/TionaByHajaRand/build/intermediates/manifests/full/debug/AndroidManifest.xml}
22:36:51.545 [Daemon worker Thread 9] INFO  o.a.AndroidAnnotationProcessor:107 - Start processing for 5 annotations on 5 elements
22:36:51.555 [Daemon worker Thread 9] DEBUG o.a.h.AndroidManifestFinder:98 - AndroidManifest.xml file found with specified path: /home/haja/Android/workspace/TionaByHajaRand/build/intermediates/manifests/full/debug/AndroidManifest.xml
22:36:51.557 [Daemon worker Thread 9] INFO  o.a.AndroidAnnotationProcessor:170 - AndroidManifest.xml found: AndroidManifest [applicationPackage=com.haja.tionaApp, componentQualifiedNames=[com.haja.tionaApp.MainActivity_, com.haja.tionaApp.PdfActivity_], permissionQualifiedNames=[android.permission.WRITE_EXTERNAL_STORAGE, android.permission.READ_EXTERNAL_STORAGE], applicationClassName=null, libraryProject=false, debugabble=false, minSdkVersion=11, maxSdkVersion=-1, targetSdkVersion=16]
22:36:51.558 [Daemon worker Thread 9] INFO  o.a.r.ProjectRClassFinder:50 - Found project R class: com.haja.tionaApp.R
22:36:51.560 [Daemon worker Thread 9] INFO  o.a.r.AndroidRClassFinder:44 - Found Android class: android.R
22:36:51.577 [Daemon worker Thread 9] INFO  o.a.p.ModelValidator:42 - Validating elements
22:36:51.577 [Daemon worker Thread 9] DEBUG o.a.p.ModelValidator:62 - Validating with EActivityHandler: [com.haja.tionaApp.PdfActivity, com.haja.tionaApp.MainActivity]
22:36:51.579 [Daemon worker Thread 9] DEBUG o.a.p.ModelValidator:62 - Validating with ViewByIdHandler: [pdfView, editText, btnFihirana, btnAntema, btnFF, btnLiturgie, btnChorale, searchType, numberEditText]
22:36:51.587 [Daemon worker Thread 9] DEBUG o.a.p.ModelValidator:62 - Validating with ClickHandler: [go(), showChoraleSongs(), btnClick(), btnFihirana(), btnFihiranaFanmpiny(), btnAntema(), btnLiturgique()]
22:36:51.594 [Daemon worker Thread 9] DEBUG o.a.p.ModelValidator:62 - Validating with AfterInjectHandler: [afterInject()]
22:36:51.596 [Daemon worker Thread 9] DEBUG o.a.p.ModelValidator:62 - Validating with AfterViewsHandler: [afterViews(), afterViews()]
22:36:51.606 [Daemon worker Thread 9] INFO  o.a.p.ModelProcessor:74 - Processing root elements
22:36:51.606 [Daemon worker Thread 9] DEBUG o.a.p.ModelProcessor:176 - Processing root elements EActivityHandler: [com.haja.tionaApp.PdfActivity, com.haja.tionaApp.MainActivity]
22:36:51.640 [Daemon worker Thread 9] INFO  o.a.p.ModelProcessor:86 - Processing enclosed elements
22:36:51.650 [Daemon worker Thread 9] INFO  o.a.AndroidAnnotationProcessor:249 - Number of files generated by AndroidAnnotations: 2
22:36:51.652 [Daemon worker Thread 9] INFO  o.a.g.ApiCodeGenerator:52 - Writting following API classes in project: []
22:36:51.653 [Daemon worker Thread 9] DEBUG o.a.g.SourceCodewriter:55 - Generating class: com.haja.tionaApp.MainActivity_
22:36:51.683 [Daemon worker Thread 9] DEBUG o.a.g.SourceCodewriter:55 - Generating class: com.haja.tionaApp.PdfActivity_
22:36:51.706 [Daemon worker Thread 9] INFO  o.a.p.TimeStats:81 - Time measurements: [Whole Processing = 161 ms], [Generate Sources = 56 ms], [Process Annotations = 54 ms], [Validate Annotations = 19 ms], [Find R Classes = 12 ms], [Extract Annotations = 7 ms], [Extract Manifest = 4 ms], 
22:36:51.707 [Daemon worker Thread 9] INFO  o.a.AndroidAnnotationProcessor:121 - Finish processing
23:05:33.903 [Daemon worker Thread 10] INFO  o.a.AndroidAnnotationProcessor:83 - Initialize AndroidAnnotations 3.3.2 with options {androidManifestFile=/home/haja/Android/workspace/TionaByHajaRand/build/intermediates/manifests/full/debug/AndroidManifest.xml}
23:05:34.44 [Daemon worker Thread 10] INFO  o.a.AndroidAnnotationProcessor:107 - Start processing for 5 annotations on 5 elements
23:05:34.53 [Daemon worker Thread 10] DEBUG o.a.h.AndroidManifestFinder:98 - AndroidManifest.xml file found with specified path: /home/haja/Android/workspace/TionaByHajaRand/build/intermediates/manifests/full/debug/AndroidManifest.xml
23:05:34.68 [Daemon worker Thread 10] INFO  o.a.AndroidAnnotationProcessor:170 - AndroidManifest.xml found: AndroidManifest [applicationPackage=com.haja.tionaApp, componentQualifiedNames=[com.haja.tionaApp.MainActivity_, com.haja.tionaApp.PdfActivity_], permissionQualifiedNames=[android.permission.WRITE_EXTERNAL_STORAGE, android.permission.READ_EXTERNAL_STORAGE], applicationClassName=null, libraryProject=false, debugabble=false, minSdkVersion=11, maxSdkVersion=-1, targetSdkVersion=16]
23:05:34.69 [Daemon worker Thread 10] INFO  o.a.r.ProjectRClassFinder:50 - Found project R class: com.haja.tionaApp.R
23:05:34.75 [Daemon worker Thread 10] INFO  o.a.r.AndroidRClassFinder:44 - Found Android class: android.R
23:05:34.119 [Daemon worker Thread 10] INFO  o.a.p.ModelValidator:42 - Validating elements
23:05:34.119 [Daemon worker Thread 10] DEBUG o.a.p.ModelValidator:62 - Validating with EActivityHandler: [com.haja.tionaApp.PdfActivity, com.haja.tionaApp.MainActivity]
23:05:34.128 [Daemon worker Thread 10] DEBUG o.a.p.ModelValidator:62 - Validating with ViewByIdHandler: [pdfView, editText, btnFihirana, btnAntema, btnFF, btnLiturgie, btnChorale, searchType, numberEditText]
23:05:34.134 [Daemon worker Thread 10] DEBUG o.a.p.ModelValidator:62 - Validating with ClickHandler: [go(), showChoraleSongs(), btnClick(), btnFihirana(), btnFihiranaFanmpiny(), btnAntema(), btnLiturgique()]
23:05:34.149 [Daemon worker Thread 10] DEBUG o.a.p.ModelValidator:62 - Validating with AfterInjectHandler: [afterInject()]
23:05:34.150 [Daemon worker Thread 10] DEBUG o.a.p.ModelValidator:62 - Validating with AfterViewsHandler: [afterViews(), afterViews()]
23:05:34.163 [Daemon worker Thread 10] INFO  o.a.p.ModelProcessor:74 - Processing root elements
23:05:34.163 [Daemon worker Thread 10] DEBUG o.a.p.ModelProcessor:176 - Processing root elements EActivityHandler: [com.haja.tionaApp.PdfActivity, com.haja.tionaApp.MainActivity]
23:05:34.201 [Daemon worker Thread 10] INFO  o.a.p.ModelProcessor:86 - Processing enclosed elements
23:05:34.211 [Daemon worker Thread 10] INFO  o.a.AndroidAnnotationProcessor:249 - Number of files generated by AndroidAnnotations: 2
23:05:34.213 [Daemon worker Thread 10] INFO  o.a.g.ApiCodeGenerator:52 - Writting following API classes in project: []
23:05:34.214 [Daemon worker Thread 10] DEBUG o.a.g.SourceCodewriter:55 - Generating class: com.haja.tionaApp.MainActivity_
23:05:34.243 [Daemon worker Thread 10] DEBUG o.a.g.SourceCodewriter:55 - Generating class: com.haja.tionaApp.PdfActivity_
23:05:34.263 [Daemon worker Thread 10] INFO  o.a.p.TimeStats:81 - Time measurements: [Whole Processing = 219 ms], [Process Annotations = 60 ms], [Generate Sources = 52 ms], [Validate Annotations = 33 ms], [Find R Classes = 23 ms], [Extract Manifest = 16 ms], [Extract Annotations = 5 ms], 
23:05:34.263 [Daemon worker Thread 10] INFO  o.a.AndroidAnnotationProcessor:121 - Finish processing
23:07:36.108 [Daemon worker Thread 11] INFO  o.a.AndroidAnnotationProcessor:83 - Initialize AndroidAnnotations 3.3.2 with options {androidManifestFile=/home/haja/Android/workspace/TionaByHajaRand/build/intermediates/manifests/full/debug/AndroidManifest.xml}
23:07:36.177 [Daemon worker Thread 11] INFO  o.a.AndroidAnnotationProcessor:107 - Start processing for 5 annotations on 5 elements
23:07:36.183 [Daemon worker Thread 11] DEBUG o.a.h.AndroidManifestFinder:98 - AndroidManifest.xml file found with specified path: /home/haja/Android/workspace/TionaByHajaRand/build/intermediates/manifests/full/debug/AndroidManifest.xml
23:07:36.190 [Daemon worker Thread 11] INFO  o.a.AndroidAnnotationProcessor:170 - AndroidManifest.xml found: AndroidManifest [applicationPackage=com.haja.tionaApp, componentQualifiedNames=[com.haja.tionaApp.MainActivity_, com.haja.tionaApp.PdfActivity_], permissionQualifiedNames=[android.permission.WRITE_EXTERNAL_STORAGE, android.permission.READ_EXTERNAL_STORAGE], applicationClassName=null, libraryProject=false, debugabble=false, minSdkVersion=11, maxSdkVersion=-1, targetSdkVersion=16]
23:07:36.190 [Daemon worker Thread 11] INFO  o.a.r.ProjectRClassFinder:50 - Found project R class: com.haja.tionaApp.R
23:07:36.192 [Daemon worker Thread 11] INFO  o.a.r.AndroidRClassFinder:44 - Found Android class: android.R
23:07:36.214 [Daemon worker Thread 11] INFO  o.a.p.ModelValidator:42 - Validating elements
23:07:36.219 [Daemon worker Thread 11] DEBUG o.a.p.ModelValidator:62 - Validating with EActivityHandler: [com.haja.tionaApp.PdfActivity, com.haja.tionaApp.MainActivity]
23:07:36.226 [Daemon worker Thread 11] DEBUG o.a.p.ModelValidator:62 - Validating with ViewByIdHandler: [pdfView, editText, btnFihirana, btnAntema, btnFF, btnLiturgie, btnChorale, searchType, numberEditText]
23:07:36.233 [Daemon worker Thread 11] DEBUG o.a.p.ModelValidator:62 - Validating with ClickHandler: [go(), showChoraleSongs(), btnClick(), btnFihirana(), btnFihiranaFanmpiny(), btnAntema(), btnLiturgique()]
23:07:36.241 [Daemon worker Thread 11] DEBUG o.a.p.ModelValidator:62 - Validating with AfterInjectHandler: [afterInject()]
23:07:36.241 [Daemon worker Thread 11] DEBUG o.a.p.ModelValidator:62 - Validating with AfterViewsHandler: [afterViews(), afterViews()]
23:07:36.256 [Daemon worker Thread 11] INFO  o.a.p.ModelProcessor:74 - Processing root elements
23:07:36.256 [Daemon worker Thread 11] DEBUG o.a.p.ModelProcessor:176 - Processing root elements EActivityHandler: [com.haja.tionaApp.MainActivity, com.haja.tionaApp.PdfActivity]
23:07:36.301 [Daemon worker Thread 11] INFO  o.a.p.ModelProcessor:86 - Processing enclosed elements
23:07:36.311 [Daemon worker Thread 11] INFO  o.a.AndroidAnnotationProcessor:249 - Number of files generated by AndroidAnnotations: 2
23:07:36.314 [Daemon worker Thread 11] INFO  o.a.g.ApiCodeGenerator:52 - Writting following API classes in project: []
23:07:36.315 [Daemon worker Thread 11] DEBUG o.a.g.SourceCodewriter:55 - Generating class: com.haja.tionaApp.MainActivity_
23:07:36.343 [Daemon worker Thread 11] DEBUG o.a.g.SourceCodewriter:55 - Generating class: com.haja.tionaApp.PdfActivity_
23:07:36.362 [Daemon worker Thread 11] INFO  o.a.p.TimeStats:81 - Time measurements: [Whole Processing = 185 ms], [Process Annotations = 70 ms], [Generate Sources = 51 ms], [Validate Annotations = 28 ms], [Find R Classes = 12 ms], [Extract Manifest = 9 ms], [Extract Annotations = 3 ms], 
23:07:36.363 [Daemon worker Thread 11] INFO  o.a.AndroidAnnotationProcessor:121 - Finish processing
23:09:25.834 [Daemon worker Thread 12] INFO  o.a.AndroidAnnotationProcessor:83 - Initialize AndroidAnnotations 3.3.2 with options {androidManifestFile=/home/haja/Android/workspace/TionaByHajaRand/build/intermediates/manifests/full/debug/AndroidManifest.xml}
23:09:25.915 [Daemon worker Thread 12] INFO  o.a.AndroidAnnotationProcessor:107 - Start processing for 5 annotations on 5 elements
23:09:25.918 [Daemon worker Thread 12] DEBUG o.a.h.AndroidManifestFinder:98 - AndroidManifest.xml file found with specified path: /home/haja/Android/workspace/TionaByHajaRand/build/intermediates/manifests/full/debug/AndroidManifest.xml
23:09:25.921 [Daemon worker Thread 12] INFO  o.a.AndroidAnnotationProcessor:170 - AndroidManifest.xml found: AndroidManifest [applicationPackage=com.haja.tionaApp, componentQualifiedNames=[com.haja.tionaApp.MainActivity_, com.haja.tionaApp.PdfActivity_], permissionQualifiedNames=[android.permission.WRITE_EXTERNAL_STORAGE, android.permission.READ_EXTERNAL_STORAGE], applicationClassName=null, libraryProject=false, debugabble=false, minSdkVersion=11, maxSdkVersion=-1, targetSdkVersion=16]
23:09:25.922 [Daemon worker Thread 12] INFO  o.a.r.ProjectRClassFinder:50 - Found project R class: com.haja.tionaApp.R
23:09:25.924 [Daemon worker Thread 12] INFO  o.a.r.AndroidRClassFinder:44 - Found Android class: android.R
23:09:25.934 [Daemon worker Thread 12] INFO  o.a.p.ModelValidator:42 - Validating elements
23:09:25.935 [Daemon worker Thread 12] DEBUG o.a.p.ModelValidator:62 - Validating with EActivityHandler: [com.haja.tionaApp.PdfActivity, com.haja.tionaApp.MainActivity]
23:09:25.937 [Daemon worker Thread 12] DEBUG o.a.p.ModelValidator:62 - Validating with ViewByIdHandler: [pdfView, editText, btnFihirana, btnAntema, btnFF, btnLiturgie, btnChorale, searchType, numberEditText]
23:09:25.939 [Daemon worker Thread 12] DEBUG o.a.p.ModelValidator:62 - Validating with ClickHandler: [go(), showChoraleSongs(), btnClick(), btnFihirana(), btnFihiranaFanmpiny(), btnAntema(), btnLiturgique()]
23:09:25.942 [Daemon worker Thread 12] DEBUG o.a.p.ModelValidator:62 - Validating with AfterInjectHandler: [afterInject()]
23:09:25.943 [Daemon worker Thread 12] DEBUG o.a.p.ModelValidator:62 - Validating with AfterViewsHandler: [afterViews(), afterViews()]
23:09:25.963 [Daemon worker Thread 12] INFO  o.a.p.ModelProcessor:74 - Processing root elements
23:09:25.963 [Daemon worker Thread 12] DEBUG o.a.p.ModelProcessor:176 - Processing root elements EActivityHandler: [com.haja.tionaApp.MainActivity, com.haja.tionaApp.PdfActivity]
23:09:25.998 [Daemon worker Thread 12] INFO  o.a.p.ModelProcessor:86 - Processing enclosed elements
23:09:26.1 [Daemon worker Thread 12] INFO  o.a.AndroidAnnotationProcessor:249 - Number of files generated by AndroidAnnotations: 2
23:09:26.4 [Daemon worker Thread 12] INFO  o.a.g.ApiCodeGenerator:52 - Writting following API classes in project: []
23:09:26.5 [Daemon worker Thread 12] DEBUG o.a.g.SourceCodewriter:55 - Generating class: com.haja.tionaApp.MainActivity_
23:09:26.29 [Daemon worker Thread 12] DEBUG o.a.g.SourceCodewriter:55 - Generating class: com.haja.tionaApp.PdfActivity_
23:09:26.57 [Daemon worker Thread 12] INFO  o.a.p.TimeStats:81 - Time measurements: [Whole Processing = 141 ms], [Process Annotations = 58 ms], [Generate Sources = 55 ms], [Validate Annotations = 9 ms], [Find R Classes = 6 ms], [Extract Manifest = 3 ms], [Extract Annotations = 2 ms], 
23:09:26.57 [Daemon worker Thread 12] INFO  o.a.AndroidAnnotationProcessor:121 - Finish processing
23:12:31.993 [Daemon worker Thread 13] INFO  o.a.AndroidAnnotationProcessor:83 - Initialize AndroidAnnotations 3.3.2 with options {androidManifestFile=/home/haja/Android/workspace/TionaByHajaRand/build/intermediates/manifests/full/debug/AndroidManifest.xml}
23:12:32.50 [Daemon worker Thread 13] INFO  o.a.AndroidAnnotationProcessor:107 - Start processing for 5 annotations on 5 elements
23:12:32.59 [Daemon worker Thread 13] DEBUG o.a.h.AndroidManifestFinder:98 - AndroidManifest.xml file found with specified path: /home/haja/Android/workspace/TionaByHajaRand/build/intermediates/manifests/full/debug/AndroidManifest.xml
23:12:32.68 [Daemon worker Thread 13] INFO  o.a.AndroidAnnotationProcessor:170 - AndroidManifest.xml found: AndroidManifest [applicationPackage=com.haja.tionaApp, componentQualifiedNames=[com.haja.tionaApp.MainActivity_, com.haja.tionaApp.PdfActivity_], permissionQualifiedNames=[android.permission.WRITE_EXTERNAL_STORAGE, android.permission.READ_EXTERNAL_STORAGE], applicationClassName=null, libraryProject=false, debugabble=false, minSdkVersion=11, maxSdkVersion=-1, targetSdkVersion=16]
23:12:32.69 [Daemon worker Thread 13] INFO  o.a.r.ProjectRClassFinder:50 - Found project R class: com.haja.tionaApp.R
23:12:32.73 [Daemon worker Thread 13] INFO  o.a.r.AndroidRClassFinder:44 - Found Android class: android.R
23:12:32.84 [Daemon worker Thread 13] INFO  o.a.p.ModelValidator:42 - Validating elements
23:12:32.84 [Daemon worker Thread 13] DEBUG o.a.p.ModelValidator:62 - Validating with EActivityHandler: [com.haja.tionaApp.PdfActivity, com.haja.tionaApp.MainActivity]
23:12:32.89 [Daemon worker Thread 13] DEBUG o.a.p.ModelValidator:62 - Validating with ViewByIdHandler: [pdfView, editText, btnFihirana, btnAntema, btnFF, btnLiturgie, btnChorale, searchType, numberEditText]
23:12:32.93 [Daemon worker Thread 13] DEBUG o.a.p.ModelValidator:62 - Validating with ClickHandler: [go(), showChoraleSongs(), btnClick(), btnFihirana(), btnFihiranaFanmpiny(), btnAntema(), btnLiturgique()]
23:12:32.96 [Daemon worker Thread 13] DEBUG o.a.p.ModelValidator:62 - Validating with AfterInjectHandler: [afterInject()]
23:12:32.97 [Daemon worker Thread 13] DEBUG o.a.p.ModelValidator:62 - Validating with AfterViewsHandler: [afterViews(), afterViews()]
23:12:32.109 [Daemon worker Thread 13] INFO  o.a.p.ModelProcessor:74 - Processing root elements
23:12:32.110 [Daemon worker Thread 13] DEBUG o.a.p.ModelProcessor:176 - Processing root elements EActivityHandler: [com.haja.tionaApp.MainActivity, com.haja.tionaApp.PdfActivity]
23:12:32.140 [Daemon worker Thread 13] INFO  o.a.p.ModelProcessor:86 - Processing enclosed elements
23:12:32.145 [Daemon worker Thread 13] INFO  o.a.AndroidAnnotationProcessor:249 - Number of files generated by AndroidAnnotations: 2
23:12:32.150 [Daemon worker Thread 13] INFO  o.a.g.ApiCodeGenerator:52 - Writting following API classes in project: []
23:12:32.152 [Daemon worker Thread 13] DEBUG o.a.g.SourceCodewriter:55 - Generating class: com.haja.tionaApp.MainActivity_
23:12:32.171 [Daemon worker Thread 13] DEBUG o.a.g.SourceCodewriter:55 - Generating class: com.haja.tionaApp.PdfActivity_
23:12:32.190 [Daemon worker Thread 13] INFO  o.a.p.TimeStats:81 - Time measurements: [Whole Processing = 140 ms], [Process Annotations = 48 ms], [Generate Sources = 45 ms], [Validate Annotations = 14 ms], [Extract Manifest = 13 ms], [Find R Classes = 9 ms], [Extract Annotations = 4 ms], 
23:12:32.190 [Daemon worker Thread 13] INFO  o.a.AndroidAnnotationProcessor:121 - Finish processing
23:14:30.72 [Daemon worker Thread 14] INFO  o.a.AndroidAnnotationProcessor:83 - Initialize AndroidAnnotations 3.3.2 with options {androidManifestFile=/home/haja/Android/workspace/TionaByHajaRand/build/intermediates/manifests/full/debug/AndroidManifest.xml}
23:14:30.216 [Daemon worker Thread 14] INFO  o.a.AndroidAnnotationProcessor:107 - Start processing for 5 annotations on 5 elements
23:14:30.219 [Daemon worker Thread 14] DEBUG o.a.h.AndroidManifestFinder:98 - AndroidManifest.xml file found with specified path: /home/haja/Android/workspace/TionaByHajaRand/build/intermediates/manifests/full/debug/AndroidManifest.xml
23:14:30.222 [Daemon worker Thread 14] INFO  o.a.AndroidAnnotationProcessor:170 - AndroidManifest.xml found: AndroidManifest [applicationPackage=com.haja.tionaApp, componentQualifiedNames=[com.haja.tionaApp.MainActivity_, com.haja.tionaApp.PdfActivity_], permissionQualifiedNames=[android.permission.WRITE_EXTERNAL_STORAGE, android.permission.READ_EXTERNAL_STORAGE], applicationClassName=null, libraryProject=false, debugabble=false, minSdkVersion=11, maxSdkVersion=-1, targetSdkVersion=16]
23:14:30.223 [Daemon worker Thread 14] INFO  o.a.r.ProjectRClassFinder:50 - Found project R class: com.haja.tionaApp.R
23:14:30.229 [Daemon worker Thread 14] INFO  o.a.r.AndroidRClassFinder:44 - Found Android class: android.R
23:14:30.247 [Daemon worker Thread 14] INFO  o.a.p.ModelValidator:42 - Validating elements
23:14:30.252 [Daemon worker Thread 14] DEBUG o.a.p.ModelValidator:62 - Validating with EActivityHandler: [com.haja.tionaApp.PdfActivity, com.haja.tionaApp.MainActivity]
23:14:30.254 [Daemon worker Thread 14] DEBUG o.a.p.ModelValidator:62 - Validating with ViewByIdHandler: [pdfView, editText, btnFihirana, btnAntema, btnFF, btnLiturgie, btnChorale, searchType, numberEditText]
23:14:30.272 [Daemon worker Thread 14] DEBUG o.a.p.ModelValidator:62 - Validating with ClickHandler: [go(), showChoraleSongs(), btnClick(), btnFihirana(), btnFihiranaFanmpiny(), btnAntema(), btnLiturgique()]
23:14:30.280 [Daemon worker Thread 14] DEBUG o.a.p.ModelValidator:62 - Validating with AfterInjectHandler: [afterInject()]
23:14:30.281 [Daemon worker Thread 14] DEBUG o.a.p.ModelValidator:62 - Validating with AfterViewsHandler: [afterViews(), afterViews()]
23:14:30.290 [Daemon worker Thread 14] INFO  o.a.p.ModelProcessor:74 - Processing root elements
23:14:30.290 [Daemon worker Thread 14] DEBUG o.a.p.ModelProcessor:176 - Processing root elements EActivityHandler: [com.haja.tionaApp.MainActivity, com.haja.tionaApp.PdfActivity]
23:14:30.313 [Daemon worker Thread 14] INFO  o.a.p.ModelProcessor:86 - Processing enclosed elements
23:14:30.316 [Daemon worker Thread 14] INFO  o.a.AndroidAnnotationProcessor:249 - Number of files generated by AndroidAnnotations: 2
23:14:30.318 [Daemon worker Thread 14] INFO  o.a.g.ApiCodeGenerator:52 - Writting following API classes in project: []
23:14:30.320 [Daemon worker Thread 14] DEBUG o.a.g.SourceCodewriter:55 - Generating class: com.haja.tionaApp.MainActivity_
23:14:30.336 [Daemon worker Thread 14] DEBUG o.a.g.SourceCodewriter:55 - Generating class: com.haja.tionaApp.PdfActivity_
23:14:30.353 [Daemon worker Thread 14] INFO  o.a.p.TimeStats:81 - Time measurements: [Whole Processing = 136 ms], [Validate Annotations = 37 ms], [Generate Sources = 36 ms], [Process Annotations = 33 ms], [Find R Classes = 12 ms], [Extract Manifest = 4 ms], [Extract Annotations = 1 ms], 
23:14:30.353 [Daemon worker Thread 14] INFO  o.a.AndroidAnnotationProcessor:121 - Finish processing
23:16:48.253 [Daemon worker Thread 15] INFO  o.a.AndroidAnnotationProcessor:83 - Initialize AndroidAnnotations 3.3.2 with options {androidManifestFile=/home/haja/Android/workspace/TionaByHajaRand/build/intermediates/manifests/full/debug/AndroidManifest.xml}
23:16:48.312 [Daemon worker Thread 15] INFO  o.a.AndroidAnnotationProcessor:107 - Start processing for 5 annotations on 5 elements
23:16:48.316 [Daemon worker Thread 15] DEBUG o.a.h.AndroidManifestFinder:98 - AndroidManifest.xml file found with specified path: /home/haja/Android/workspace/TionaByHajaRand/build/intermediates/manifests/full/debug/AndroidManifest.xml
23:16:48.323 [Daemon worker Thread 15] INFO  o.a.AndroidAnnotationProcessor:170 - AndroidManifest.xml found: AndroidManifest [applicationPackage=com.haja.tionaApp, componentQualifiedNames=[com.haja.tionaApp.MainActivity_, com.haja.tionaApp.PdfActivity_], permissionQualifiedNames=[android.permission.WRITE_EXTERNAL_STORAGE, android.permission.READ_EXTERNAL_STORAGE], applicationClassName=null, libraryProject=false, debugabble=false, minSdkVersion=11, maxSdkVersion=-1, targetSdkVersion=16]
23:16:48.324 [Daemon worker Thread 15] INFO  o.a.r.ProjectRClassFinder:50 - Found project R class: com.haja.tionaApp.R
23:16:48.325 [Daemon worker Thread 15] INFO  o.a.r.AndroidRClassFinder:44 - Found Android class: android.R
23:16:48.337 [Daemon worker Thread 15] INFO  o.a.p.ModelValidator:42 - Validating elements
23:16:48.338 [Daemon worker Thread 15] DEBUG o.a.p.ModelValidator:62 - Validating with EActivityHandler: [com.haja.tionaApp.PdfActivity, com.haja.tionaApp.MainActivity]
23:16:48.340 [Daemon worker Thread 15] DEBUG o.a.p.ModelValidator:62 - Validating with ViewByIdHandler: [pdfView, editText, btnFihirana, btnAntema, btnFF, btnLiturgie, btnChorale, searchType, numberEditText]
23:16:48.343 [Daemon worker Thread 15] DEBUG o.a.p.ModelValidator:62 - Validating with ClickHandler: [go(), showChoraleSongs(), btnClick(), btnFihirana(), btnFihiranaFanmpiny(), btnAntema(), btnLiturgique()]
23:16:48.345 [Daemon worker Thread 15] DEBUG o.a.p.ModelValidator:62 - Validating with AfterInjectHandler: [afterInject()]
23:16:48.346 [Daemon worker Thread 15] DEBUG o.a.p.ModelValidator:62 - Validating with AfterViewsHandler: [afterViews(), afterViews()]
23:16:48.352 [Daemon worker Thread 15] INFO  o.a.p.ModelProcessor:74 - Processing root elements
23:16:48.352 [Daemon worker Thread 15] DEBUG o.a.p.ModelProcessor:176 - Processing root elements EActivityHandler: [com.haja.tionaApp.MainActivity, com.haja.tionaApp.PdfActivity]
23:16:48.397 [Daemon worker Thread 15] INFO  o.a.p.ModelProcessor:86 - Processing enclosed elements
23:16:48.402 [Daemon worker Thread 15] INFO  o.a.AndroidAnnotationProcessor:249 - Number of files generated by AndroidAnnotations: 2
23:16:48.404 [Daemon worker Thread 15] INFO  o.a.g.ApiCodeGenerator:52 - Writting following API classes in project: []
23:16:48.408 [Daemon worker Thread 15] DEBUG o.a.g.SourceCodewriter:55 - Generating class: com.haja.tionaApp.MainActivity_
23:16:48.430 [Daemon worker Thread 15] DEBUG o.a.g.SourceCodewriter:55 - Generating class: com.haja.tionaApp.PdfActivity_
23:16:48.458 [Daemon worker Thread 15] INFO  o.a.p.TimeStats:81 - Time measurements: [Whole Processing = 146 ms], [Process Annotations = 56 ms], [Generate Sources = 56 ms], [Validate Annotations = 11 ms], [Extract Manifest = 8 ms], [Find R Classes = 6 ms], [Extract Annotations = 2 ms], 
23:16:48.458 [Daemon worker Thread 15] INFO  o.a.AndroidAnnotationProcessor:121 - Finish processing
23:17:02.272 [Daemon worker Thread 15] INFO  o.a.AndroidAnnotationProcessor:83 - Initialize AndroidAnnotations 3.3.2 with options {androidManifestFile=/home/haja/Android/workspace/TionaByHajaRand/build/intermediates/manifests/full/debug/AndroidManifest.xml}
23:17:02.369 [Daemon worker Thread 15] INFO  o.a.AndroidAnnotationProcessor:107 - Start processing for 5 annotations on 5 elements
23:17:02.380 [Daemon worker Thread 15] DEBUG o.a.h.AndroidManifestFinder:98 - AndroidManifest.xml file found with specified path: /home/haja/Android/workspace/TionaByHajaRand/build/intermediates/manifests/full/debug/AndroidManifest.xml
23:17:02.387 [Daemon worker Thread 15] INFO  o.a.AndroidAnnotationProcessor:170 - AndroidManifest.xml found: AndroidManifest [applicationPackage=com.haja.tionaApp, componentQualifiedNames=[com.haja.tionaApp.MainActivity_, com.haja.tionaApp.PdfActivity_], permissionQualifiedNames=[android.permission.WRITE_EXTERNAL_STORAGE, android.permission.READ_EXTERNAL_STORAGE], applicationClassName=null, libraryProject=false, debugabble=false, minSdkVersion=11, maxSdkVersion=-1, targetSdkVersion=16]
23:17:02.387 [Daemon worker Thread 15] INFO  o.a.r.ProjectRClassFinder:50 - Found project R class: com.haja.tionaApp.R
23:17:02.389 [Daemon worker Thread 15] INFO  o.a.r.AndroidRClassFinder:44 - Found Android class: android.R
23:17:02.418 [Daemon worker Thread 15] INFO  o.a.p.ModelValidator:42 - Validating elements
23:17:02.418 [Daemon worker Thread 15] DEBUG o.a.p.ModelValidator:62 - Validating with EActivityHandler: [com.haja.tionaApp.PdfActivity, com.haja.tionaApp.MainActivity]
23:17:02.423 [Daemon worker Thread 15] DEBUG o.a.p.ModelValidator:62 - Validating with ViewByIdHandler: [pdfView, editText, btnFihirana, btnAntema, btnFF, btnLiturgie, btnChorale, searchType, numberEditText]
23:17:02.429 [Daemon worker Thread 15] DEBUG o.a.p.ModelValidator:62 - Validating with ClickHandler: [go(), showChoraleSongs(), btnClick(), btnFihirana(), btnFihiranaFanmpiny(), btnAntema(), btnLiturgique()]
23:17:02.434 [Daemon worker Thread 15] DEBUG o.a.p.ModelValidator:62 - Validating with AfterInjectHandler: [afterInject()]
23:17:02.435 [Daemon worker Thread 15] DEBUG o.a.p.ModelValidator:62 - Validating with AfterViewsHandler: [afterViews(), afterViews()]
23:17:02.451 [Daemon worker Thread 15] INFO  o.a.p.ModelProcessor:74 - Processing root elements
23:17:02.452 [Daemon worker Thread 15] DEBUG o.a.p.ModelProcessor:176 - Processing root elements EActivityHandler: [com.haja.tionaApp.PdfActivity, com.haja.tionaApp.MainActivity]
23:17:02.494 [Daemon worker Thread 15] INFO  o.a.p.ModelProcessor:86 - Processing enclosed elements
23:17:02.499 [Daemon worker Thread 15] INFO  o.a.AndroidAnnotationProcessor:249 - Number of files generated by AndroidAnnotations: 2
23:17:02.501 [Daemon worker Thread 15] INFO  o.a.g.ApiCodeGenerator:52 - Writting following API classes in project: []
23:17:02.502 [Daemon worker Thread 15] DEBUG o.a.g.SourceCodewriter:55 - Generating class: com.haja.tionaApp.MainActivity_
23:17:02.530 [Daemon worker Thread 15] DEBUG o.a.g.SourceCodewriter:55 - Generating class: com.haja.tionaApp.PdfActivity_
23:17:02.557 [Daemon worker Thread 15] INFO  o.a.p.TimeStats:81 - Time measurements: [Whole Processing = 188 ms], [Process Annotations = 64 ms], [Generate Sources = 58 ms], [Validate Annotations = 18 ms], [Find R Classes = 15 ms], [Extract Annotations = 7 ms], [Extract Manifest = 7 ms], 
23:17:02.557 [Daemon worker Thread 15] INFO  o.a.AndroidAnnotationProcessor:121 - Finish processing
23:18:45.375 [Daemon worker Thread 16] INFO  o.a.AndroidAnnotationProcessor:83 - Initialize AndroidAnnotations 3.3.2 with options {androidManifestFile=/home/haja/Android/workspace/TionaByHajaRand/build/intermediates/manifests/full/debug/AndroidManifest.xml}
23:18:45.436 [Daemon worker Thread 16] INFO  o.a.AndroidAnnotationProcessor:107 - Start processing for 5 annotations on 5 elements
23:18:45.439 [Daemon worker Thread 16] DEBUG o.a.h.AndroidManifestFinder:98 - AndroidManifest.xml file found with specified path: /home/haja/Android/workspace/TionaByHajaRand/build/intermediates/manifests/full/debug/AndroidManifest.xml
23:18:45.443 [Daemon worker Thread 16] INFO  o.a.AndroidAnnotationProcessor:170 - AndroidManifest.xml found: AndroidManifest [applicationPackage=com.haja.tionaApp, componentQualifiedNames=[com.haja.tionaApp.MainActivity_, com.haja.tionaApp.PdfActivity_], permissionQualifiedNames=[android.permission.WRITE_EXTERNAL_STORAGE, android.permission.READ_EXTERNAL_STORAGE], applicationClassName=null, libraryProject=false, debugabble=false, minSdkVersion=11, maxSdkVersion=-1, targetSdkVersion=16]
23:18:45.443 [Daemon worker Thread 16] INFO  o.a.r.ProjectRClassFinder:50 - Found project R class: com.haja.tionaApp.R
23:18:45.445 [Daemon worker Thread 16] INFO  o.a.r.AndroidRClassFinder:44 - Found Android class: android.R
23:18:45.455 [Daemon worker Thread 16] INFO  o.a.p.ModelValidator:42 - Validating elements
23:18:45.455 [Daemon worker Thread 16] DEBUG o.a.p.ModelValidator:62 - Validating with EActivityHandler: [com.haja.tionaApp.PdfActivity, com.haja.tionaApp.MainActivity]
23:18:45.457 [Daemon worker Thread 16] DEBUG o.a.p.ModelValidator:62 - Validating with ViewByIdHandler: [pdfView, editText, btnFihirana, btnAntema, btnFF, btnLiturgie, btnChorale, searchType, numberEditText]
23:18:45.459 [Daemon worker Thread 16] DEBUG o.a.p.ModelValidator:62 - Validating with ClickHandler: [go(), showChoraleSongs(), btnClick(), btnFihirana(), btnFihiranaFanmpiny(), btnAntema(), btnLiturgique()]
23:18:45.461 [Daemon worker Thread 16] DEBUG o.a.p.ModelValidator:62 - Validating with AfterInjectHandler: [afterInject()]
23:18:45.462 [Daemon worker Thread 16] DEBUG o.a.p.ModelValidator:62 - Validating with AfterViewsHandler: [afterViews(), afterViews()]
23:18:45.470 [Daemon worker Thread 16] INFO  o.a.p.ModelProcessor:74 - Processing root elements
23:18:45.471 [Daemon worker Thread 16] DEBUG o.a.p.ModelProcessor:176 - Processing root elements EActivityHandler: [com.haja.tionaApp.MainActivity, com.haja.tionaApp.PdfActivity]
23:18:45.501 [Daemon worker Thread 16] INFO  o.a.p.ModelProcessor:86 - Processing enclosed elements
23:18:45.504 [Daemon worker Thread 16] INFO  o.a.AndroidAnnotationProcessor:249 - Number of files generated by AndroidAnnotations: 2
23:18:45.506 [Daemon worker Thread 16] INFO  o.a.g.ApiCodeGenerator:52 - Writting following API classes in project: []
23:18:45.507 [Daemon worker Thread 16] DEBUG o.a.g.SourceCodewriter:55 - Generating class: com.haja.tionaApp.MainActivity_
23:18:45.527 [Daemon worker Thread 16] DEBUG o.a.g.SourceCodewriter:55 - Generating class: com.haja.tionaApp.PdfActivity_
23:18:45.553 [Daemon worker Thread 16] INFO  o.a.p.TimeStats:81 - Time measurements: [Whole Processing = 117 ms], [Generate Sources = 49 ms], [Process Annotations = 42 ms], [Validate Annotations = 8 ms], [Find R Classes = 6 ms], [Extract Manifest = 4 ms], [Extract Annotations = 1 ms], 
23:18:45.553 [Daemon worker Thread 16] INFO  o.a.AndroidAnnotationProcessor:121 - Finish processing
23:20:50.948 [Daemon worker Thread 17] INFO  o.a.AndroidAnnotationProcessor:83 - Initialize AndroidAnnotations 3.3.2 with options {androidManifestFile=/home/haja/Android/workspace/TionaByHajaRand/build/intermediates/manifests/full/debug/AndroidManifest.xml}
23:20:51.20 [Daemon worker Thread 17] INFO  o.a.AndroidAnnotationProcessor:107 - Start processing for 5 annotations on 5 elements
23:20:51.30 [Daemon worker Thread 17] DEBUG o.a.h.AndroidManifestFinder:98 - AndroidManifest.xml file found with specified path: /home/haja/Android/workspace/TionaByHajaRand/build/intermediates/manifests/full/debug/AndroidManifest.xml
23:20:51.37 [Daemon worker Thread 17] INFO  o.a.AndroidAnnotationProcessor:170 - AndroidManifest.xml found: AndroidManifest [applicationPackage=com.haja.tionaApp, componentQualifiedNames=[com.haja.tionaApp.MainActivity_, com.haja.tionaApp.PdfActivity_], permissionQualifiedNames=[android.permission.WRITE_EXTERNAL_STORAGE, android.permission.READ_EXTERNAL_STORAGE], applicationClassName=null, libraryProject=false, debugabble=false, minSdkVersion=11, maxSdkVersion=-1, targetSdkVersion=16]
23:20:51.38 [Daemon worker Thread 17] INFO  o.a.r.ProjectRClassFinder:50 - Found project R class: com.haja.tionaApp.R
23:20:51.40 [Daemon worker Thread 17] INFO  o.a.r.AndroidRClassFinder:44 - Found Android class: android.R
23:20:51.56 [Daemon worker Thread 17] INFO  o.a.p.ModelValidator:42 - Validating elements
23:20:51.58 [Daemon worker Thread 17] DEBUG o.a.p.ModelValidator:62 - Validating with EActivityHandler: [com.haja.tionaApp.PdfActivity, com.haja.tionaApp.MainActivity]
23:20:51.65 [Daemon worker Thread 17] DEBUG o.a.p.ModelValidator:62 - Validating with ViewByIdHandler: [pdfView, editText, btnFihirana, btnAntema, btnFF, btnLiturgie, btnChorale, searchType, numberEditText]
23:20:51.74 [Daemon worker Thread 17] DEBUG o.a.p.ModelValidator:62 - Validating with ClickHandler: [go(), showChoraleSongs(), btnClick(), btnFihirana(), btnFihiranaFanmpiny(), btnAntema(), btnLiturgique()]
23:20:51.78 [Daemon worker Thread 17] DEBUG o.a.p.ModelValidator:62 - Validating with AfterInjectHandler: [afterInject()]
23:20:51.79 [Daemon worker Thread 17] DEBUG o.a.p.ModelValidator:62 - Validating with AfterViewsHandler: [afterViews(), afterViews()]
23:20:51.90 [Daemon worker Thread 17] INFO  o.a.p.ModelProcessor:74 - Processing root elements
23:20:51.91 [Daemon worker Thread 17] DEBUG o.a.p.ModelProcessor:176 - Processing root elements EActivityHandler: [com.haja.tionaApp.MainActivity, com.haja.tionaApp.PdfActivity]
23:20:51.123 [Daemon worker Thread 17] INFO  o.a.p.ModelProcessor:86 - Processing enclosed elements
23:20:51.127 [Daemon worker Thread 17] INFO  o.a.AndroidAnnotationProcessor:249 - Number of files generated by AndroidAnnotations: 2
23:20:51.128 [Daemon worker Thread 17] INFO  o.a.g.ApiCodeGenerator:52 - Writting following API classes in project: []
23:20:51.130 [Daemon worker Thread 17] DEBUG o.a.g.SourceCodewriter:55 - Generating class: com.haja.tionaApp.MainActivity_
23:20:51.151 [Daemon worker Thread 17] DEBUG o.a.g.SourceCodewriter:55 - Generating class: com.haja.tionaApp.PdfActivity_
23:20:51.177 [Daemon worker Thread 17] INFO  o.a.p.TimeStats:81 - Time measurements: [Whole Processing = 157 ms], [Generate Sources = 50 ms], [Process Annotations = 48 ms], [Validate Annotations = 25 ms], [Extract Manifest = 15 ms], [Find R Classes = 11 ms], [Extract Annotations = 1 ms], 
23:20:51.177 [Daemon worker Thread 17] INFO  o.a.AndroidAnnotationProcessor:121 - Finish processing
23:21:53.200 [Daemon worker Thread 17] INFO  o.a.AndroidAnnotationProcessor:83 - Initialize AndroidAnnotations 3.3.2 with options {androidManifestFile=/home/haja/Android/workspace/TionaByHajaRand/build/intermediates/manifests/full/debug/AndroidManifest.xml}
23:21:53.305 [Daemon worker Thread 17] INFO  o.a.AndroidAnnotationProcessor:107 - Start processing for 5 annotations on 5 elements
23:21:53.310 [Daemon worker Thread 17] DEBUG o.a.h.AndroidManifestFinder:98 - AndroidManifest.xml file found with specified path: /home/haja/Android/workspace/TionaByHajaRand/build/intermediates/manifests/full/debug/AndroidManifest.xml
23:21:53.318 [Daemon worker Thread 17] INFO  o.a.AndroidAnnotationProcessor:170 - AndroidManifest.xml found: AndroidManifest [applicationPackage=com.haja.tionaApp, componentQualifiedNames=[com.haja.tionaApp.MainActivity_, com.haja.tionaApp.PdfActivity_], permissionQualifiedNames=[android.permission.WRITE_EXTERNAL_STORAGE, android.permission.READ_EXTERNAL_STORAGE], applicationClassName=null, libraryProject=false, debugabble=false, minSdkVersion=11, maxSdkVersion=-1, targetSdkVersion=16]
23:21:53.319 [Daemon worker Thread 17] INFO  o.a.r.ProjectRClassFinder:50 - Found project R class: com.haja.tionaApp.R
23:21:53.324 [Daemon worker Thread 17] INFO  o.a.r.AndroidRClassFinder:44 - Found Android class: android.R
23:21:53.342 [Daemon worker Thread 17] INFO  o.a.p.ModelValidator:42 - Validating elements
23:21:53.343 [Daemon worker Thread 17] DEBUG o.a.p.ModelValidator:62 - Validating with EActivityHandler: [com.haja.tionaApp.PdfActivity, com.haja.tionaApp.MainActivity]
23:21:53.349 [Daemon worker Thread 17] DEBUG o.a.p.ModelValidator:62 - Validating with ViewByIdHandler: [pdfView, editText, btnFihirana, btnAntema, btnFF, btnLiturgie, btnChorale, searchType, numberEditText]
23:21:53.351 [Daemon worker Thread 17] DEBUG o.a.p.ModelValidator:62 - Validating with ClickHandler: [go(), showChoraleSongs(), btnClick(), btnFihirana(), btnFihiranaFanmpiny(), btnAntema(), btnLiturgique()]
23:21:53.355 [Daemon worker Thread 17] DEBUG o.a.p.ModelValidator:62 - Validating with AfterInjectHandler: [afterInject()]
23:21:53.356 [Daemon worker Thread 17] DEBUG o.a.p.ModelValidator:62 - Validating with AfterViewsHandler: [afterViews(), afterViews()]
23:21:53.369 [Daemon worker Thread 17] INFO  o.a.p.ModelProcessor:74 - Processing root elements
23:21:53.369 [Daemon worker Thread 17] DEBUG o.a.p.ModelProcessor:176 - Processing root elements EActivityHandler: [com.haja.tionaApp.PdfActivity, com.haja.tionaApp.MainActivity]
23:21:53.404 [Daemon worker Thread 17] INFO  o.a.p.ModelProcessor:86 - Processing enclosed elements
23:21:53.411 [Daemon worker Thread 17] INFO  o.a.AndroidAnnotationProcessor:249 - Number of files generated by AndroidAnnotations: 2
23:21:53.412 [Daemon worker Thread 17] INFO  o.a.g.ApiCodeGenerator:52 - Writting following API classes in project: []
23:21:53.414 [Daemon worker Thread 17] DEBUG o.a.g.SourceCodewriter:55 - Generating class: com.haja.tionaApp.MainActivity_
23:21:53.434 [Daemon worker Thread 17] DEBUG o.a.g.SourceCodewriter:55 - Generating class: com.haja.tionaApp.PdfActivity_
23:21:53.455 [Daemon worker Thread 17] INFO  o.a.p.TimeStats:81 - Time measurements: [Whole Processing = 151 ms], [Process Annotations = 53 ms], [Generate Sources = 44 ms], [Validate Annotations = 16 ms], [Find R Classes = 14 ms], [Extract Manifest = 9 ms], [Extract Annotations = 4 ms], 
23:21:53.455 [Daemon worker Thread 17] INFO  o.a.AndroidAnnotationProcessor:121 - Finish processing
23:24:19.96 [Daemon worker Thread 18] INFO  o.a.AndroidAnnotationProcessor:83 - Initialize AndroidAnnotations 3.3.2 with options {androidManifestFile=/home/haja/Android/workspace/TionaByHajaRand/build/intermediates/manifests/full/debug/AndroidManifest.xml}
23:24:19.259 [Daemon worker Thread 18] INFO  o.a.AndroidAnnotationProcessor:107 - Start processing for 5 annotations on 5 elements
23:24:19.268 [Daemon worker Thread 18] DEBUG o.a.h.AndroidManifestFinder:98 - AndroidManifest.xml file found with specified path: /home/haja/Android/workspace/TionaByHajaRand/build/intermediates/manifests/full/debug/AndroidManifest.xml
23:24:19.272 [Daemon worker Thread 18] INFO  o.a.AndroidAnnotationProcessor:170 - AndroidManifest.xml found: AndroidManifest [applicationPackage=com.haja.tionaApp, componentQualifiedNames=[com.haja.tionaApp.MainActivity_, com.haja.tionaApp.PdfActivity_], permissionQualifiedNames=[android.permission.WRITE_EXTERNAL_STORAGE, android.permission.READ_EXTERNAL_STORAGE], applicationClassName=null, libraryProject=false, debugabble=false, minSdkVersion=11, maxSdkVersion=-1, targetSdkVersion=16]
23:24:19.274 [Daemon worker Thread 18] INFO  o.a.r.ProjectRClassFinder:50 - Found project R class: com.haja.tionaApp.R
23:24:19.283 [Daemon worker Thread 18] INFO  o.a.r.AndroidRClassFinder:44 - Found Android class: android.R
23:24:19.297 [Daemon worker Thread 18] INFO  o.a.p.ModelValidator:42 - Validating elements
23:24:19.299 [Daemon worker Thread 18] DEBUG o.a.p.ModelValidator:62 - Validating with EActivityHandler: [com.haja.tionaApp.PdfActivity, com.haja.tionaApp.MainActivity]
23:24:19.302 [Daemon worker Thread 18] DEBUG o.a.p.ModelValidator:62 - Validating with ViewByIdHandler: [pdfView, editText, btnFihirana, btnAntema, btnFF, btnLiturgie, btnChorale, searchType, numberEditText]
23:24:19.304 [Daemon worker Thread 18] DEBUG o.a.p.ModelValidator:62 - Validating with ClickHandler: [go(), showChoraleSongs(), btnClick(), btnFihirana(), btnFihiranaFanmpiny(), btnAntema(), btnLiturgique()]
23:24:19.306 [Daemon worker Thread 18] DEBUG o.a.p.ModelValidator:62 - Validating with AfterInjectHandler: [afterInject()]
23:24:19.307 [Daemon worker Thread 18] DEBUG o.a.p.ModelValidator:62 - Validating with AfterViewsHandler: [afterViews(), afterViews()]
23:24:19.313 [Daemon worker Thread 18] INFO  o.a.p.ModelProcessor:74 - Processing root elements
23:24:19.314 [Daemon worker Thread 18] DEBUG o.a.p.ModelProcessor:176 - Processing root elements EActivityHandler: [com.haja.tionaApp.MainActivity, com.haja.tionaApp.PdfActivity]
23:24:19.344 [Daemon worker Thread 18] INFO  o.a.p.ModelProcessor:86 - Processing enclosed elements
23:24:19.353 [Daemon worker Thread 18] INFO  o.a.AndroidAnnotationProcessor:249 - Number of files generated by AndroidAnnotations: 2
23:24:19.357 [Daemon worker Thread 18] INFO  o.a.g.ApiCodeGenerator:52 - Writting following API classes in project: []
23:24:19.361 [Daemon worker Thread 18] DEBUG o.a.g.SourceCodewriter:55 - Generating class: com.haja.tionaApp.MainActivity_
23:24:19.377 [Daemon worker Thread 18] DEBUG o.a.g.SourceCodewriter:55 - Generating class: com.haja.tionaApp.PdfActivity_
23:24:19.401 [Daemon worker Thread 18] INFO  o.a.p.TimeStats:81 - Time measurements: [Whole Processing = 142 ms], [Generate Sources = 49 ms], [Process Annotations = 45 ms], [Find R Classes = 18 ms], [Validate Annotations = 10 ms], [Extract Annotations = 5 ms], [Extract Manifest = 5 ms], 
23:24:19.402 [Daemon worker Thread 18] INFO  o.a.AndroidAnnotationProcessor:121 - Finish processing
23:26:05.539 [Daemon worker Thread 19] INFO  o.a.AndroidAnnotationProcessor:83 - Initialize AndroidAnnotations 3.3.2 with options {androidManifestFile=/home/haja/Android/workspace/TionaByHajaRand/build/intermediates/manifests/full/debug/AndroidManifest.xml}
23:26:05.627 [Daemon worker Thread 19] INFO  o.a.AndroidAnnotationProcessor:107 - Start processing for 5 annotations on 5 elements
23:26:05.629 [Daemon worker Thread 19] DEBUG o.a.h.AndroidManifestFinder:98 - AndroidManifest.xml file found with specified path: /home/haja/Android/workspace/TionaByHajaRand/build/intermediates/manifests/full/debug/AndroidManifest.xml
23:26:05.632 [Daemon worker Thread 19] INFO  o.a.AndroidAnnotationProcessor:170 - AndroidManifest.xml found: AndroidManifest [applicationPackage=com.haja.tionaApp, componentQualifiedNames=[com.haja.tionaApp.MainActivity_, com.haja.tionaApp.PdfActivity_], permissionQualifiedNames=[android.permission.WRITE_EXTERNAL_STORAGE, android.permission.READ_EXTERNAL_STORAGE], applicationClassName=null, libraryProject=false, debugabble=false, minSdkVersion=11, maxSdkVersion=-1, targetSdkVersion=16]
23:26:05.633 [Daemon worker Thread 19] INFO  o.a.r.ProjectRClassFinder:50 - Found project R class: com.haja.tionaApp.R
23:26:05.635 [Daemon worker Thread 19] INFO  o.a.r.AndroidRClassFinder:44 - Found Android class: android.R
23:26:05.645 [Daemon worker Thread 19] INFO  o.a.p.ModelValidator:42 - Validating elements
23:26:05.646 [Daemon worker Thread 19] DEBUG o.a.p.ModelValidator:62 - Validating with EActivityHandler: [com.haja.tionaApp.PdfActivity, com.haja.tionaApp.MainActivity]
23:26:05.648 [Daemon worker Thread 19] DEBUG o.a.p.ModelValidator:62 - Validating with ViewByIdHandler: [pdfView, editText, btnFihirana, btnAntema, btnFF, btnLiturgie, btnChorale, searchType, numberEditText]
23:26:05.649 [Daemon worker Thread 19] DEBUG o.a.p.ModelValidator:62 - Validating with ClickHandler: [go(), showChoraleSongs(), btnClick(), btnFihirana(), btnFihiranaFanmpiny(), btnAntema(), btnLiturgique()]
23:26:05.652 [Daemon worker Thread 19] DEBUG o.a.p.ModelValidator:62 - Validating with AfterInjectHandler: [afterInject()]
23:26:05.653 [Daemon worker Thread 19] DEBUG o.a.p.ModelValidator:62 - Validating with AfterViewsHandler: [afterViews(), afterViews()]
23:26:05.668 [Daemon worker Thread 19] INFO  o.a.p.ModelProcessor:74 - Processing root elements
23:26:05.669 [Daemon worker Thread 19] DEBUG o.a.p.ModelProcessor:176 - Processing root elements EActivityHandler: [com.haja.tionaApp.MainActivity, com.haja.tionaApp.PdfActivity]
23:26:05.700 [Daemon worker Thread 19] INFO  o.a.p.ModelProcessor:86 - Processing enclosed elements
23:26:05.707 [Daemon worker Thread 19] INFO  o.a.AndroidAnnotationProcessor:249 - Number of files generated by AndroidAnnotations: 2
23:26:05.708 [Daemon worker Thread 19] INFO  o.a.g.ApiCodeGenerator:52 - Writting following API classes in project: []
23:26:05.709 [Daemon worker Thread 19] DEBUG o.a.g.SourceCodewriter:55 - Generating class: com.haja.tionaApp.MainActivity_
23:26:05.729 [Daemon worker Thread 19] DEBUG o.a.g.SourceCodewriter:55 - Generating class: com.haja.tionaApp.PdfActivity_
23:26:05.754 [Daemon worker Thread 19] INFO  o.a.p.TimeStats:81 - Time measurements: [Whole Processing = 128 ms], [Process Annotations = 53 ms], [Generate Sources = 48 ms], [Validate Annotations = 8 ms], [Find R Classes = 6 ms], [Extract Manifest = 3 ms], [Extract Annotations = 1 ms], 
23:26:05.755 [Daemon worker Thread 19] INFO  o.a.AndroidAnnotationProcessor:121 - Finish processing
23:37:35.73 [Daemon worker Thread 20] INFO  o.a.AndroidAnnotationProcessor:83 - Initialize AndroidAnnotations 3.3.2 with options {androidManifestFile=/home/haja/Android/workspace/TionaByHajaRand/build/intermediates/manifests/full/debug/AndroidManifest.xml}
23:37:35.185 [Daemon worker Thread 20] INFO  o.a.AndroidAnnotationProcessor:107 - Start processing for 5 annotations on 5 elements
23:37:35.195 [Daemon worker Thread 20] DEBUG o.a.h.AndroidManifestFinder:98 - AndroidManifest.xml file found with specified path: /home/haja/Android/workspace/TionaByHajaRand/build/intermediates/manifests/full/debug/AndroidManifest.xml
23:37:35.202 [Daemon worker Thread 20] INFO  o.a.AndroidAnnotationProcessor:170 - AndroidManifest.xml found: AndroidManifest [applicationPackage=com.haja.tionaApp, componentQualifiedNames=[com.haja.tionaApp.MainActivity_, com.haja.tionaApp.PdfActivity_], permissionQualifiedNames=[android.permission.WRITE_EXTERNAL_STORAGE, android.permission.READ_EXTERNAL_STORAGE], applicationClassName=null, libraryProject=false, debugabble=false, minSdkVersion=11, maxSdkVersion=-1, targetSdkVersion=16]
23:37:35.205 [Daemon worker Thread 20] INFO  o.a.r.ProjectRClassFinder:50 - Found project R class: com.haja.tionaApp.R
23:37:35.207 [Daemon worker Thread 20] INFO  o.a.r.AndroidRClassFinder:44 - Found Android class: android.R
23:37:35.216 [Daemon worker Thread 20] INFO  o.a.p.ModelValidator:42 - Validating elements
23:37:35.217 [Daemon worker Thread 20] DEBUG o.a.p.ModelValidator:62 - Validating with EActivityHandler: [com.haja.tionaApp.PdfActivity, com.haja.tionaApp.MainActivity]
23:37:35.219 [Daemon worker Thread 20] DEBUG o.a.p.ModelValidator:62 - Validating with ViewByIdHandler: [pdfView, editText, btnFihirana, btnAntema, btnFF, btnLiturgie, btnChorale, searchType, numberEditText]
23:37:35.220 [Daemon worker Thread 20] DEBUG o.a.p.ModelValidator:62 - Validating with ClickHandler: [go(), showChoraleSongs(), btnClick(), btnFihirana(), btnFihiranaFanmpiny(), btnAntema(), btnLiturgique()]
23:37:35.223 [Daemon worker Thread 20] DEBUG o.a.p.ModelValidator:62 - Validating with AfterInjectHandler: [afterInject()]
23:37:35.223 [Daemon worker Thread 20] DEBUG o.a.p.ModelValidator:62 - Validating with AfterViewsHandler: [afterViews(), afterViews()]
23:37:35.229 [Daemon worker Thread 20] INFO  o.a.p.ModelProcessor:74 - Processing root elements
23:37:35.230 [Daemon worker Thread 20] DEBUG o.a.p.ModelProcessor:176 - Processing root elements EActivityHandler: [com.haja.tionaApp.PdfActivity, com.haja.tionaApp.MainActivity]
23:37:35.252 [Daemon worker Thread 20] INFO  o.a.p.ModelProcessor:86 - Processing enclosed elements
23:37:35.256 [Daemon worker Thread 20] INFO  o.a.AndroidAnnotationProcessor:249 - Number of files generated by AndroidAnnotations: 2
23:37:35.257 [Daemon worker Thread 20] INFO  o.a.g.ApiCodeGenerator:52 - Writting following API classes in project: []
23:37:35.258 [Daemon worker Thread 20] DEBUG o.a.g.SourceCodewriter:55 - Generating class: com.haja.tionaApp.MainActivity_
23:37:35.274 [Daemon worker Thread 20] DEBUG o.a.g.SourceCodewriter:55 - Generating class: com.haja.tionaApp.PdfActivity_
23:37:35.290 [Daemon worker Thread 20] INFO  o.a.p.TimeStats:81 - Time measurements: [Whole Processing = 105 ms], [Generate Sources = 35 ms], [Process Annotations = 31 ms], [Extract Manifest = 8 ms], [Validate Annotations = 8 ms], [Extract Annotations = 6 ms], [Find R Classes = 6 ms], 
23:37:35.290 [Daemon worker Thread 20] INFO  o.a.AndroidAnnotationProcessor:121 - Finish processing
23:38:20.233 [Daemon worker Thread 20] INFO  o.a.AndroidAnnotationProcessor:83 - Initialize AndroidAnnotations 3.3.2 with options {androidManifestFile=/home/haja/Android/workspace/TionaByHajaRand/build/intermediates/manifests/full/debug/AndroidManifest.xml}
23:38:20.328 [Daemon worker Thread 20] INFO  o.a.AndroidAnnotationProcessor:107 - Start processing for 5 annotations on 5 elements
23:38:20.332 [Daemon worker Thread 20] DEBUG o.a.h.AndroidManifestFinder:98 - AndroidManifest.xml file found with specified path: /home/haja/Android/workspace/TionaByHajaRand/build/intermediates/manifests/full/debug/AndroidManifest.xml
23:38:20.335 [Daemon worker Thread 20] INFO  o.a.AndroidAnnotationProcessor:170 - AndroidManifest.xml found: AndroidManifest [applicationPackage=com.haja.tionaApp, componentQualifiedNames=[com.haja.tionaApp.MainActivity_, com.haja.tionaApp.PdfActivity_], permissionQualifiedNames=[android.permission.WRITE_EXTERNAL_STORAGE, android.permission.READ_EXTERNAL_STORAGE], applicationClassName=null, libraryProject=false, debugabble=false, minSdkVersion=11, maxSdkVersion=-1, targetSdkVersion=16]
23:38:20.336 [Daemon worker Thread 20] INFO  o.a.r.ProjectRClassFinder:50 - Found project R class: com.haja.tionaApp.R
23:38:20.337 [Daemon worker Thread 20] INFO  o.a.r.AndroidRClassFinder:44 - Found Android class: android.R
23:38:20.351 [Daemon worker Thread 20] INFO  o.a.p.ModelValidator:42 - Validating elements
23:38:20.352 [Daemon worker Thread 20] DEBUG o.a.p.ModelValidator:62 - Validating with EActivityHandler: [com.haja.tionaApp.PdfActivity, com.haja.tionaApp.MainActivity]
23:38:20.356 [Daemon worker Thread 20] DEBUG o.a.p.ModelValidator:62 - Validating with ViewByIdHandler: [pdfView, editText, btnFihirana, btnAntema, btnFF, btnLiturgie, btnChorale, searchType, numberEditText]
23:38:20.358 [Daemon worker Thread 20] DEBUG o.a.p.ModelValidator:62 - Validating with ClickHandler: [go(), showChoraleSongs(), btnClick(), btnFihirana(), btnFihiranaFanmpiny(), btnAntema(), btnLiturgique()]
23:38:20.361 [Daemon worker Thread 20] DEBUG o.a.p.ModelValidator:62 - Validating with AfterInjectHandler: [afterInject()]
23:38:20.361 [Daemon worker Thread 20] DEBUG o.a.p.ModelValidator:62 - Validating with AfterViewsHandler: [afterViews(), afterViews()]
23:38:20.370 [Daemon worker Thread 20] INFO  o.a.p.ModelProcessor:74 - Processing root elements
23:38:20.370 [Daemon worker Thread 20] DEBUG o.a.p.ModelProcessor:176 - Processing root elements EActivityHandler: [com.haja.tionaApp.PdfActivity, com.haja.tionaApp.MainActivity]
23:38:20.417 [Daemon worker Thread 20] INFO  o.a.p.ModelProcessor:86 - Processing enclosed elements
23:38:20.424 [Daemon worker Thread 20] INFO  o.a.AndroidAnnotationProcessor:249 - Number of files generated by AndroidAnnotations: 2
23:38:20.426 [Daemon worker Thread 20] INFO  o.a.g.ApiCodeGenerator:52 - Writting following API classes in project: []
23:38:20.428 [Daemon worker Thread 20] DEBUG o.a.g.SourceCodewriter:55 - Generating class: com.haja.tionaApp.MainActivity_
23:38:20.457 [Daemon worker Thread 20] DEBUG o.a.g.SourceCodewriter:55 - Generating class: com.haja.tionaApp.PdfActivity_
23:38:20.502 [Daemon worker Thread 20] INFO  o.a.p.TimeStats:81 - Time measurements: [Whole Processing = 174 ms], [Generate Sources = 78 ms], [Process Annotations = 62 ms], [Validate Annotations = 11 ms], [Find R Classes = 8 ms], [Extract Manifest = 5 ms], [Extract Annotations = 1 ms], 
23:38:20.503 [Daemon worker Thread 20] INFO  o.a.AndroidAnnotationProcessor:121 - Finish processing
